[2018-06-01 00:53:46,206] {jobs.py:343} DagFileProcessor0 INFO - Started process (PID=16104) to work on /home/db1/Documents/TwitterAnalytics/dashboard_website/myapp/airflow/dags/my_dag.py
[2018-06-01 00:53:46,209] {jobs.py:534} DagFileProcessor0 ERROR - Cannot use more than 1 thread when using sqlite. Setting max_threads to 1
[2018-06-01 00:53:46,211] {jobs.py:1521} DagFileProcessor0 INFO - Processing file /home/db1/Documents/TwitterAnalytics/dashboard_website/myapp/airflow/dags/my_dag.py for tasks to queue
[2018-06-01 00:53:46,211] {models.py:167} DagFileProcessor0 INFO - Filling up the DagBag from /home/db1/Documents/TwitterAnalytics/dashboard_website/myapp/airflow/dags/my_dag.py
/home/db1/anaconda3/lib/python3.6/site-packages/airflow/utils/helpers.py:406: DeprecationWarning: Importing PythonOperator directly from <module 'airflow.operators' from '/home/db1/anaconda3/lib/python3.6/site-packages/airflow/operators/__init__.py'> has been deprecated. Please import from '<module 'airflow.operators' from '/home/db1/anaconda3/lib/python3.6/site-packages/airflow/operators/__init__.py'>.[operator_module]' instead. Support for direct imports will be dropped entirely in Airflow 2.0.
  DeprecationWarning)
[2018-06-01 00:53:46,691] {models.py:266} DagFileProcessor0 ERROR - Failed to import: /home/db1/Documents/TwitterAnalytics/dashboard_website/myapp/airflow/dags/my_dag.py
Traceback (most recent call last):
  File "/home/db1/anaconda3/lib/python3.6/site-packages/airflow/models.py", line 263, in process_file
    m = imp.load_source(mod_name, filepath)
  File "/home/db1/anaconda3/lib/python3.6/imp.py", line 172, in load_source
    module = _load(spec)
  File "<frozen importlib._bootstrap>", line 675, in _load
  File "<frozen importlib._bootstrap>", line 655, in _load_unlocked
  File "<frozen importlib._bootstrap_external>", line 678, in exec_module
  File "<frozen importlib._bootstrap>", line 205, in _call_with_frames_removed
  File "/home/db1/Documents/TwitterAnalytics/dashboard_website/myapp/airflow/dags/my_dag.py", line 12, in <module>
    from ingest_raw import MongoQuery
ModuleNotFoundError: No module named 'ingest_raw'
[2018-06-01 00:53:46,691] {jobs.py:1535} DagFileProcessor0 INFO - DAG(s) dict_keys(['example_skip_dag', 'example_trigger_target_dag', 'example_branch_operator', 'example_python_operator', 'example_short_circuit_operator', 'example_xcom', 'example_passing_params_via_test_command', 'test_utils', 'example_subdag_operator', 'example_subdag_operator.section-1', 'example_subdag_operator.section-2', 'example_http_operator', 'tutorial', 'example_branch_dop_operator_v3', 'latest_only', 'example_trigger_controller_dag', 'latest_only_with_trigger', 'example_bash_operator']) retrieved from /home/db1/Documents/TwitterAnalytics/dashboard_website/myapp/airflow/dags/my_dag.py
/home/db1/anaconda3/lib/python3.6/site-packages/sqlalchemy/sql/default_comparator.py:161: SAWarning: The IN-predicate on "dag_stats.dag_id" was invoked with an empty sequence. This results in a contradiction, which nonetheless can be expensive to evaluate.  Consider alternative strategies for improved performance.
  'strategies for improved performance.' % expr)
/home/db1/anaconda3/lib/python3.6/site-packages/sqlalchemy/sql/default_comparator.py:161: SAWarning: The IN-predicate on "dag_run.dag_id" was invoked with an empty sequence. This results in a contradiction, which nonetheless can be expensive to evaluate.  Consider alternative strategies for improved performance.
  'strategies for improved performance.' % expr)
[2018-06-01 00:53:48,661] {models.py:322} DagFileProcessor0 INFO - Finding 'running' jobs without a recent heartbeat
[2018-06-01 00:53:48,662] {models.py:328} DagFileProcessor0 INFO - Failing jobs without heartbeat after 2018-06-01 00:48:48.662048
[2018-06-01 00:53:48,674] {jobs.py:351} DagFileProcessor0 INFO - Processing /home/db1/Documents/TwitterAnalytics/dashboard_website/myapp/airflow/dags/my_dag.py took 2.468 seconds
[2018-06-01 00:53:59,918] {jobs.py:343} DagFileProcessor4 INFO - Started process (PID=16126) to work on /home/db1/Documents/TwitterAnalytics/dashboard_website/myapp/airflow/dags/my_dag.py
[2018-06-01 00:53:59,919] {jobs.py:534} DagFileProcessor4 ERROR - Cannot use more than 1 thread when using sqlite. Setting max_threads to 1
[2018-06-01 00:53:59,919] {jobs.py:1521} DagFileProcessor4 INFO - Processing file /home/db1/Documents/TwitterAnalytics/dashboard_website/myapp/airflow/dags/my_dag.py for tasks to queue
[2018-06-01 00:53:59,919] {models.py:167} DagFileProcessor4 INFO - Filling up the DagBag from /home/db1/Documents/TwitterAnalytics/dashboard_website/myapp/airflow/dags/my_dag.py
/home/db1/anaconda3/lib/python3.6/site-packages/airflow/utils/helpers.py:406: DeprecationWarning: Importing PythonOperator directly from <module 'airflow.operators' from '/home/db1/anaconda3/lib/python3.6/site-packages/airflow/operators/__init__.py'> has been deprecated. Please import from '<module 'airflow.operators' from '/home/db1/anaconda3/lib/python3.6/site-packages/airflow/operators/__init__.py'>.[operator_module]' instead. Support for direct imports will be dropped entirely in Airflow 2.0.
  DeprecationWarning)
[2018-06-01 00:54:00,163] {models.py:266} DagFileProcessor4 ERROR - Failed to import: /home/db1/Documents/TwitterAnalytics/dashboard_website/myapp/airflow/dags/my_dag.py
Traceback (most recent call last):
  File "/home/db1/anaconda3/lib/python3.6/site-packages/airflow/models.py", line 263, in process_file
    m = imp.load_source(mod_name, filepath)
  File "/home/db1/anaconda3/lib/python3.6/imp.py", line 172, in load_source
    module = _load(spec)
  File "<frozen importlib._bootstrap>", line 675, in _load
  File "<frozen importlib._bootstrap>", line 655, in _load_unlocked
  File "<frozen importlib._bootstrap_external>", line 678, in exec_module
  File "<frozen importlib._bootstrap>", line 205, in _call_with_frames_removed
  File "/home/db1/Documents/TwitterAnalytics/dashboard_website/myapp/airflow/dags/my_dag.py", line 12, in <module>
    from ingest_raw import MongoQuery
ModuleNotFoundError: No module named 'ingest_raw'
[2018-06-01 00:54:00,164] {jobs.py:1535} DagFileProcessor4 INFO - DAG(s) dict_keys(['example_skip_dag', 'example_trigger_target_dag', 'example_branch_operator', 'example_python_operator', 'example_short_circuit_operator', 'example_xcom', 'example_passing_params_via_test_command', 'test_utils', 'example_subdag_operator', 'example_subdag_operator.section-1', 'example_subdag_operator.section-2', 'example_http_operator', 'tutorial', 'example_branch_dop_operator_v3', 'latest_only', 'example_trigger_controller_dag', 'latest_only_with_trigger', 'example_bash_operator']) retrieved from /home/db1/Documents/TwitterAnalytics/dashboard_website/myapp/airflow/dags/my_dag.py
/home/db1/anaconda3/lib/python3.6/site-packages/sqlalchemy/sql/default_comparator.py:161: SAWarning: The IN-predicate on "dag_stats.dag_id" was invoked with an empty sequence. This results in a contradiction, which nonetheless can be expensive to evaluate.  Consider alternative strategies for improved performance.
  'strategies for improved performance.' % expr)
/home/db1/anaconda3/lib/python3.6/site-packages/sqlalchemy/sql/default_comparator.py:161: SAWarning: The IN-predicate on "dag_run.dag_id" was invoked with an empty sequence. This results in a contradiction, which nonetheless can be expensive to evaluate.  Consider alternative strategies for improved performance.
  'strategies for improved performance.' % expr)
[2018-06-01 00:54:02,176] {models.py:322} DagFileProcessor4 INFO - Finding 'running' jobs without a recent heartbeat
[2018-06-01 00:54:02,177] {models.py:328} DagFileProcessor4 INFO - Failing jobs without heartbeat after 2018-06-01 00:49:02.177291
[2018-06-01 00:54:02,183] {jobs.py:351} DagFileProcessor4 INFO - Processing /home/db1/Documents/TwitterAnalytics/dashboard_website/myapp/airflow/dags/my_dag.py took 2.265 seconds
[2018-06-01 00:54:15,461] {jobs.py:343} DagFileProcessor8 INFO - Started process (PID=16152) to work on /home/db1/Documents/TwitterAnalytics/dashboard_website/myapp/airflow/dags/my_dag.py
[2018-06-01 00:54:15,462] {jobs.py:534} DagFileProcessor8 ERROR - Cannot use more than 1 thread when using sqlite. Setting max_threads to 1
[2018-06-01 00:54:15,463] {jobs.py:1521} DagFileProcessor8 INFO - Processing file /home/db1/Documents/TwitterAnalytics/dashboard_website/myapp/airflow/dags/my_dag.py for tasks to queue
[2018-06-01 00:54:15,463] {models.py:167} DagFileProcessor8 INFO - Filling up the DagBag from /home/db1/Documents/TwitterAnalytics/dashboard_website/myapp/airflow/dags/my_dag.py
/home/db1/anaconda3/lib/python3.6/site-packages/airflow/utils/helpers.py:406: DeprecationWarning: Importing PythonOperator directly from <module 'airflow.operators' from '/home/db1/anaconda3/lib/python3.6/site-packages/airflow/operators/__init__.py'> has been deprecated. Please import from '<module 'airflow.operators' from '/home/db1/anaconda3/lib/python3.6/site-packages/airflow/operators/__init__.py'>.[operator_module]' instead. Support for direct imports will be dropped entirely in Airflow 2.0.
  DeprecationWarning)
[2018-06-01 00:54:15,708] {models.py:266} DagFileProcessor8 ERROR - Failed to import: /home/db1/Documents/TwitterAnalytics/dashboard_website/myapp/airflow/dags/my_dag.py
Traceback (most recent call last):
  File "/home/db1/anaconda3/lib/python3.6/site-packages/airflow/models.py", line 263, in process_file
    m = imp.load_source(mod_name, filepath)
  File "/home/db1/anaconda3/lib/python3.6/imp.py", line 172, in load_source
    module = _load(spec)
  File "<frozen importlib._bootstrap>", line 675, in _load
  File "<frozen importlib._bootstrap>", line 655, in _load_unlocked
  File "<frozen importlib._bootstrap_external>", line 678, in exec_module
  File "<frozen importlib._bootstrap>", line 205, in _call_with_frames_removed
  File "/home/db1/Documents/TwitterAnalytics/dashboard_website/myapp/airflow/dags/my_dag.py", line 12, in <module>
    from ingest_raw import MongoQuery
ModuleNotFoundError: No module named 'ingest_raw'
[2018-06-01 00:54:15,708] {jobs.py:1535} DagFileProcessor8 INFO - DAG(s) dict_keys(['example_skip_dag', 'example_trigger_target_dag', 'example_branch_operator', 'example_python_operator', 'example_short_circuit_operator', 'example_xcom', 'example_passing_params_via_test_command', 'test_utils', 'example_subdag_operator', 'example_subdag_operator.section-1', 'example_subdag_operator.section-2', 'example_http_operator', 'tutorial', 'example_branch_dop_operator_v3', 'latest_only', 'example_trigger_controller_dag', 'latest_only_with_trigger', 'example_bash_operator']) retrieved from /home/db1/Documents/TwitterAnalytics/dashboard_website/myapp/airflow/dags/my_dag.py
/home/db1/anaconda3/lib/python3.6/site-packages/sqlalchemy/sql/default_comparator.py:161: SAWarning: The IN-predicate on "dag_stats.dag_id" was invoked with an empty sequence. This results in a contradiction, which nonetheless can be expensive to evaluate.  Consider alternative strategies for improved performance.
  'strategies for improved performance.' % expr)
/home/db1/anaconda3/lib/python3.6/site-packages/sqlalchemy/sql/default_comparator.py:161: SAWarning: The IN-predicate on "dag_run.dag_id" was invoked with an empty sequence. This results in a contradiction, which nonetheless can be expensive to evaluate.  Consider alternative strategies for improved performance.
  'strategies for improved performance.' % expr)
[2018-06-01 00:54:18,199] {models.py:322} DagFileProcessor8 INFO - Finding 'running' jobs without a recent heartbeat
[2018-06-01 00:54:18,199] {models.py:328} DagFileProcessor8 INFO - Failing jobs without heartbeat after 2018-06-01 00:49:18.199821
[2018-06-01 00:54:18,202] {jobs.py:351} DagFileProcessor8 INFO - Processing /home/db1/Documents/TwitterAnalytics/dashboard_website/myapp/airflow/dags/my_dag.py took 2.741 seconds
[2018-06-01 00:54:30,341] {jobs.py:343} DagFileProcessor12 INFO - Started process (PID=16229) to work on /home/db1/Documents/TwitterAnalytics/dashboard_website/myapp/airflow/dags/my_dag.py
[2018-06-01 00:54:30,342] {jobs.py:534} DagFileProcessor12 ERROR - Cannot use more than 1 thread when using sqlite. Setting max_threads to 1
[2018-06-01 00:54:30,342] {jobs.py:1521} DagFileProcessor12 INFO - Processing file /home/db1/Documents/TwitterAnalytics/dashboard_website/myapp/airflow/dags/my_dag.py for tasks to queue
[2018-06-01 00:54:30,342] {models.py:167} DagFileProcessor12 INFO - Filling up the DagBag from /home/db1/Documents/TwitterAnalytics/dashboard_website/myapp/airflow/dags/my_dag.py
/home/db1/anaconda3/lib/python3.6/site-packages/airflow/utils/helpers.py:406: DeprecationWarning: Importing PythonOperator directly from <module 'airflow.operators' from '/home/db1/anaconda3/lib/python3.6/site-packages/airflow/operators/__init__.py'> has been deprecated. Please import from '<module 'airflow.operators' from '/home/db1/anaconda3/lib/python3.6/site-packages/airflow/operators/__init__.py'>.[operator_module]' instead. Support for direct imports will be dropped entirely in Airflow 2.0.
  DeprecationWarning)
[2018-06-01 00:54:30,588] {models.py:266} DagFileProcessor12 ERROR - Failed to import: /home/db1/Documents/TwitterAnalytics/dashboard_website/myapp/airflow/dags/my_dag.py
Traceback (most recent call last):
  File "/home/db1/anaconda3/lib/python3.6/site-packages/airflow/models.py", line 263, in process_file
    m = imp.load_source(mod_name, filepath)
  File "/home/db1/anaconda3/lib/python3.6/imp.py", line 172, in load_source
    module = _load(spec)
  File "<frozen importlib._bootstrap>", line 675, in _load
  File "<frozen importlib._bootstrap>", line 655, in _load_unlocked
  File "<frozen importlib._bootstrap_external>", line 678, in exec_module
  File "<frozen importlib._bootstrap>", line 205, in _call_with_frames_removed
  File "/home/db1/Documents/TwitterAnalytics/dashboard_website/myapp/airflow/dags/my_dag.py", line 12, in <module>
    from ingest_raw import MongoQuery
ModuleNotFoundError: No module named 'ingest_raw'
[2018-06-01 00:54:30,588] {jobs.py:1535} DagFileProcessor12 INFO - DAG(s) dict_keys(['example_skip_dag', 'example_trigger_target_dag', 'example_branch_operator', 'example_python_operator', 'example_short_circuit_operator', 'example_xcom', 'example_passing_params_via_test_command', 'test_utils', 'example_subdag_operator', 'example_subdag_operator.section-1', 'example_subdag_operator.section-2', 'example_http_operator', 'tutorial', 'example_branch_dop_operator_v3', 'latest_only', 'example_trigger_controller_dag', 'latest_only_with_trigger', 'example_bash_operator']) retrieved from /home/db1/Documents/TwitterAnalytics/dashboard_website/myapp/airflow/dags/my_dag.py
/home/db1/anaconda3/lib/python3.6/site-packages/sqlalchemy/sql/default_comparator.py:161: SAWarning: The IN-predicate on "dag_stats.dag_id" was invoked with an empty sequence. This results in a contradiction, which nonetheless can be expensive to evaluate.  Consider alternative strategies for improved performance.
  'strategies for improved performance.' % expr)
/home/db1/anaconda3/lib/python3.6/site-packages/sqlalchemy/sql/default_comparator.py:161: SAWarning: The IN-predicate on "dag_run.dag_id" was invoked with an empty sequence. This results in a contradiction, which nonetheless can be expensive to evaluate.  Consider alternative strategies for improved performance.
  'strategies for improved performance.' % expr)
[2018-06-01 00:54:32,507] {models.py:322} DagFileProcessor12 INFO - Finding 'running' jobs without a recent heartbeat
[2018-06-01 00:54:32,508] {models.py:328} DagFileProcessor12 INFO - Failing jobs without heartbeat after 2018-06-01 00:49:32.508287
[2018-06-01 00:54:32,520] {jobs.py:351} DagFileProcessor12 INFO - Processing /home/db1/Documents/TwitterAnalytics/dashboard_website/myapp/airflow/dags/my_dag.py took 2.179 seconds
[2018-06-01 00:54:43,499] {jobs.py:343} DagFileProcessor16 INFO - Started process (PID=16259) to work on /home/db1/Documents/TwitterAnalytics/dashboard_website/myapp/airflow/dags/my_dag.py
[2018-06-01 00:54:43,499] {jobs.py:534} DagFileProcessor16 ERROR - Cannot use more than 1 thread when using sqlite. Setting max_threads to 1
[2018-06-01 00:54:43,500] {jobs.py:1521} DagFileProcessor16 INFO - Processing file /home/db1/Documents/TwitterAnalytics/dashboard_website/myapp/airflow/dags/my_dag.py for tasks to queue
[2018-06-01 00:54:43,500] {models.py:167} DagFileProcessor16 INFO - Filling up the DagBag from /home/db1/Documents/TwitterAnalytics/dashboard_website/myapp/airflow/dags/my_dag.py
/home/db1/anaconda3/lib/python3.6/site-packages/airflow/utils/helpers.py:406: DeprecationWarning: Importing PythonOperator directly from <module 'airflow.operators' from '/home/db1/anaconda3/lib/python3.6/site-packages/airflow/operators/__init__.py'> has been deprecated. Please import from '<module 'airflow.operators' from '/home/db1/anaconda3/lib/python3.6/site-packages/airflow/operators/__init__.py'>.[operator_module]' instead. Support for direct imports will be dropped entirely in Airflow 2.0.
  DeprecationWarning)
[2018-06-01 00:54:43,749] {models.py:266} DagFileProcessor16 ERROR - Failed to import: /home/db1/Documents/TwitterAnalytics/dashboard_website/myapp/airflow/dags/my_dag.py
Traceback (most recent call last):
  File "/home/db1/anaconda3/lib/python3.6/site-packages/airflow/models.py", line 263, in process_file
    m = imp.load_source(mod_name, filepath)
  File "/home/db1/anaconda3/lib/python3.6/imp.py", line 172, in load_source
    module = _load(spec)
  File "<frozen importlib._bootstrap>", line 675, in _load
  File "<frozen importlib._bootstrap>", line 655, in _load_unlocked
  File "<frozen importlib._bootstrap_external>", line 678, in exec_module
  File "<frozen importlib._bootstrap>", line 205, in _call_with_frames_removed
  File "/home/db1/Documents/TwitterAnalytics/dashboard_website/myapp/airflow/dags/my_dag.py", line 12, in <module>
    from ingest_raw import MongoQuery
ModuleNotFoundError: No module named 'ingest_raw'
[2018-06-01 00:54:43,749] {jobs.py:1535} DagFileProcessor16 INFO - DAG(s) dict_keys(['example_skip_dag', 'example_trigger_target_dag', 'example_branch_operator', 'example_python_operator', 'example_short_circuit_operator', 'example_xcom', 'example_passing_params_via_test_command', 'test_utils', 'example_subdag_operator', 'example_subdag_operator.section-1', 'example_subdag_operator.section-2', 'example_http_operator', 'tutorial', 'example_branch_dop_operator_v3', 'latest_only', 'example_trigger_controller_dag', 'latest_only_with_trigger', 'example_bash_operator']) retrieved from /home/db1/Documents/TwitterAnalytics/dashboard_website/myapp/airflow/dags/my_dag.py
/home/db1/anaconda3/lib/python3.6/site-packages/sqlalchemy/sql/default_comparator.py:161: SAWarning: The IN-predicate on "dag_stats.dag_id" was invoked with an empty sequence. This results in a contradiction, which nonetheless can be expensive to evaluate.  Consider alternative strategies for improved performance.
  'strategies for improved performance.' % expr)
/home/db1/anaconda3/lib/python3.6/site-packages/sqlalchemy/sql/default_comparator.py:161: SAWarning: The IN-predicate on "dag_run.dag_id" was invoked with an empty sequence. This results in a contradiction, which nonetheless can be expensive to evaluate.  Consider alternative strategies for improved performance.
  'strategies for improved performance.' % expr)
[2018-06-01 00:54:45,648] {models.py:322} DagFileProcessor16 INFO - Finding 'running' jobs without a recent heartbeat
[2018-06-01 00:54:45,648] {models.py:328} DagFileProcessor16 INFO - Failing jobs without heartbeat after 2018-06-01 00:49:45.648649
[2018-06-01 00:54:45,660] {jobs.py:351} DagFileProcessor16 INFO - Processing /home/db1/Documents/TwitterAnalytics/dashboard_website/myapp/airflow/dags/my_dag.py took 2.161 seconds
[2018-06-01 00:54:57,176] {jobs.py:343} DagFileProcessor20 INFO - Started process (PID=16292) to work on /home/db1/Documents/TwitterAnalytics/dashboard_website/myapp/airflow/dags/my_dag.py
[2018-06-01 00:54:57,179] {jobs.py:534} DagFileProcessor20 ERROR - Cannot use more than 1 thread when using sqlite. Setting max_threads to 1
[2018-06-01 00:54:57,183] {jobs.py:1521} DagFileProcessor20 INFO - Processing file /home/db1/Documents/TwitterAnalytics/dashboard_website/myapp/airflow/dags/my_dag.py for tasks to queue
[2018-06-01 00:54:57,183] {models.py:167} DagFileProcessor20 INFO - Filling up the DagBag from /home/db1/Documents/TwitterAnalytics/dashboard_website/myapp/airflow/dags/my_dag.py
/home/db1/anaconda3/lib/python3.6/site-packages/airflow/utils/helpers.py:406: DeprecationWarning: Importing PythonOperator directly from <module 'airflow.operators' from '/home/db1/anaconda3/lib/python3.6/site-packages/airflow/operators/__init__.py'> has been deprecated. Please import from '<module 'airflow.operators' from '/home/db1/anaconda3/lib/python3.6/site-packages/airflow/operators/__init__.py'>.[operator_module]' instead. Support for direct imports will be dropped entirely in Airflow 2.0.
  DeprecationWarning)
[2018-06-01 00:54:57,481] {models.py:266} DagFileProcessor20 ERROR - Failed to import: /home/db1/Documents/TwitterAnalytics/dashboard_website/myapp/airflow/dags/my_dag.py
Traceback (most recent call last):
  File "/home/db1/anaconda3/lib/python3.6/site-packages/airflow/models.py", line 263, in process_file
    m = imp.load_source(mod_name, filepath)
  File "/home/db1/anaconda3/lib/python3.6/imp.py", line 172, in load_source
    module = _load(spec)
  File "<frozen importlib._bootstrap>", line 675, in _load
  File "<frozen importlib._bootstrap>", line 655, in _load_unlocked
  File "<frozen importlib._bootstrap_external>", line 678, in exec_module
  File "<frozen importlib._bootstrap>", line 205, in _call_with_frames_removed
  File "/home/db1/Documents/TwitterAnalytics/dashboard_website/myapp/airflow/dags/my_dag.py", line 12, in <module>
    from ingest_raw import MongoQuery
ModuleNotFoundError: No module named 'ingest_raw'
[2018-06-01 00:54:57,482] {jobs.py:1535} DagFileProcessor20 INFO - DAG(s) dict_keys(['example_skip_dag', 'example_trigger_target_dag', 'example_branch_operator', 'example_python_operator', 'example_short_circuit_operator', 'example_xcom', 'example_passing_params_via_test_command', 'test_utils', 'example_subdag_operator', 'example_subdag_operator.section-1', 'example_subdag_operator.section-2', 'example_http_operator', 'tutorial', 'example_branch_dop_operator_v3', 'latest_only', 'example_trigger_controller_dag', 'latest_only_with_trigger', 'example_bash_operator']) retrieved from /home/db1/Documents/TwitterAnalytics/dashboard_website/myapp/airflow/dags/my_dag.py
/home/db1/anaconda3/lib/python3.6/site-packages/sqlalchemy/sql/default_comparator.py:161: SAWarning: The IN-predicate on "dag_stats.dag_id" was invoked with an empty sequence. This results in a contradiction, which nonetheless can be expensive to evaluate.  Consider alternative strategies for improved performance.
  'strategies for improved performance.' % expr)
/home/db1/anaconda3/lib/python3.6/site-packages/sqlalchemy/sql/default_comparator.py:161: SAWarning: The IN-predicate on "dag_run.dag_id" was invoked with an empty sequence. This results in a contradiction, which nonetheless can be expensive to evaluate.  Consider alternative strategies for improved performance.
  'strategies for improved performance.' % expr)
[2018-06-01 00:54:59,905] {models.py:322} DagFileProcessor20 INFO - Finding 'running' jobs without a recent heartbeat
[2018-06-01 00:54:59,905] {models.py:328} DagFileProcessor20 INFO - Failing jobs without heartbeat after 2018-06-01 00:49:59.905614
[2018-06-01 00:54:59,915] {jobs.py:351} DagFileProcessor20 INFO - Processing /home/db1/Documents/TwitterAnalytics/dashboard_website/myapp/airflow/dags/my_dag.py took 2.739 seconds
[2018-06-01 00:55:14,922] {jobs.py:343} DagFileProcessor24 INFO - Started process (PID=16333) to work on /home/db1/Documents/TwitterAnalytics/dashboard_website/myapp/airflow/dags/my_dag.py
[2018-06-01 00:55:14,923] {jobs.py:534} DagFileProcessor24 ERROR - Cannot use more than 1 thread when using sqlite. Setting max_threads to 1
[2018-06-01 00:55:14,924] {jobs.py:1521} DagFileProcessor24 INFO - Processing file /home/db1/Documents/TwitterAnalytics/dashboard_website/myapp/airflow/dags/my_dag.py for tasks to queue
[2018-06-01 00:55:14,924] {models.py:167} DagFileProcessor24 INFO - Filling up the DagBag from /home/db1/Documents/TwitterAnalytics/dashboard_website/myapp/airflow/dags/my_dag.py
/home/db1/anaconda3/lib/python3.6/site-packages/airflow/utils/helpers.py:406: DeprecationWarning: Importing PythonOperator directly from <module 'airflow.operators' from '/home/db1/anaconda3/lib/python3.6/site-packages/airflow/operators/__init__.py'> has been deprecated. Please import from '<module 'airflow.operators' from '/home/db1/anaconda3/lib/python3.6/site-packages/airflow/operators/__init__.py'>.[operator_module]' instead. Support for direct imports will be dropped entirely in Airflow 2.0.
  DeprecationWarning)
[2018-06-01 00:55:15,163] {models.py:266} DagFileProcessor24 ERROR - Failed to import: /home/db1/Documents/TwitterAnalytics/dashboard_website/myapp/airflow/dags/my_dag.py
Traceback (most recent call last):
  File "/home/db1/anaconda3/lib/python3.6/site-packages/airflow/models.py", line 263, in process_file
    m = imp.load_source(mod_name, filepath)
  File "/home/db1/anaconda3/lib/python3.6/imp.py", line 172, in load_source
    module = _load(spec)
  File "<frozen importlib._bootstrap>", line 675, in _load
  File "<frozen importlib._bootstrap>", line 655, in _load_unlocked
  File "<frozen importlib._bootstrap_external>", line 678, in exec_module
  File "<frozen importlib._bootstrap>", line 205, in _call_with_frames_removed
  File "/home/db1/Documents/TwitterAnalytics/dashboard_website/myapp/airflow/dags/my_dag.py", line 12, in <module>
    from ingest_raw import MongoQuery
ModuleNotFoundError: No module named 'ingest_raw'
[2018-06-01 00:55:15,164] {jobs.py:1535} DagFileProcessor24 INFO - DAG(s) dict_keys(['example_skip_dag', 'example_trigger_target_dag', 'example_branch_operator', 'example_python_operator', 'example_short_circuit_operator', 'example_xcom', 'example_passing_params_via_test_command', 'test_utils', 'example_subdag_operator', 'example_subdag_operator.section-1', 'example_subdag_operator.section-2', 'example_http_operator', 'tutorial', 'example_branch_dop_operator_v3', 'latest_only', 'example_trigger_controller_dag', 'latest_only_with_trigger', 'example_bash_operator']) retrieved from /home/db1/Documents/TwitterAnalytics/dashboard_website/myapp/airflow/dags/my_dag.py
/home/db1/anaconda3/lib/python3.6/site-packages/sqlalchemy/sql/default_comparator.py:161: SAWarning: The IN-predicate on "dag_stats.dag_id" was invoked with an empty sequence. This results in a contradiction, which nonetheless can be expensive to evaluate.  Consider alternative strategies for improved performance.
  'strategies for improved performance.' % expr)
/home/db1/anaconda3/lib/python3.6/site-packages/sqlalchemy/sql/default_comparator.py:161: SAWarning: The IN-predicate on "dag_run.dag_id" was invoked with an empty sequence. This results in a contradiction, which nonetheless can be expensive to evaluate.  Consider alternative strategies for improved performance.
  'strategies for improved performance.' % expr)
[2018-06-01 00:55:17,528] {models.py:322} DagFileProcessor24 INFO - Finding 'running' jobs without a recent heartbeat
[2018-06-01 00:55:17,529] {models.py:328} DagFileProcessor24 INFO - Failing jobs without heartbeat after 2018-06-01 00:50:17.529038
[2018-06-01 00:55:17,540] {jobs.py:351} DagFileProcessor24 INFO - Processing /home/db1/Documents/TwitterAnalytics/dashboard_website/myapp/airflow/dags/my_dag.py took 2.618 seconds
[2018-06-01 00:55:29,394] {jobs.py:343} DagFileProcessor28 INFO - Started process (PID=16357) to work on /home/db1/Documents/TwitterAnalytics/dashboard_website/myapp/airflow/dags/my_dag.py
[2018-06-01 00:55:29,395] {jobs.py:534} DagFileProcessor28 ERROR - Cannot use more than 1 thread when using sqlite. Setting max_threads to 1
[2018-06-01 00:55:29,395] {jobs.py:1521} DagFileProcessor28 INFO - Processing file /home/db1/Documents/TwitterAnalytics/dashboard_website/myapp/airflow/dags/my_dag.py for tasks to queue
[2018-06-01 00:55:29,395] {models.py:167} DagFileProcessor28 INFO - Filling up the DagBag from /home/db1/Documents/TwitterAnalytics/dashboard_website/myapp/airflow/dags/my_dag.py
/home/db1/anaconda3/lib/python3.6/site-packages/airflow/utils/helpers.py:406: DeprecationWarning: Importing PythonOperator directly from <module 'airflow.operators' from '/home/db1/anaconda3/lib/python3.6/site-packages/airflow/operators/__init__.py'> has been deprecated. Please import from '<module 'airflow.operators' from '/home/db1/anaconda3/lib/python3.6/site-packages/airflow/operators/__init__.py'>.[operator_module]' instead. Support for direct imports will be dropped entirely in Airflow 2.0.
  DeprecationWarning)
[2018-06-01 00:55:29,641] {models.py:266} DagFileProcessor28 ERROR - Failed to import: /home/db1/Documents/TwitterAnalytics/dashboard_website/myapp/airflow/dags/my_dag.py
Traceback (most recent call last):
  File "/home/db1/anaconda3/lib/python3.6/site-packages/airflow/models.py", line 263, in process_file
    m = imp.load_source(mod_name, filepath)
  File "/home/db1/anaconda3/lib/python3.6/imp.py", line 172, in load_source
    module = _load(spec)
  File "<frozen importlib._bootstrap>", line 675, in _load
  File "<frozen importlib._bootstrap>", line 655, in _load_unlocked
  File "<frozen importlib._bootstrap_external>", line 678, in exec_module
  File "<frozen importlib._bootstrap>", line 205, in _call_with_frames_removed
  File "/home/db1/Documents/TwitterAnalytics/dashboard_website/myapp/airflow/dags/my_dag.py", line 12, in <module>
    from ingest_raw import MongoQuery
ModuleNotFoundError: No module named 'ingest_raw'
[2018-06-01 00:55:29,641] {jobs.py:1535} DagFileProcessor28 INFO - DAG(s) dict_keys(['example_skip_dag', 'example_trigger_target_dag', 'example_branch_operator', 'example_python_operator', 'example_short_circuit_operator', 'example_xcom', 'example_passing_params_via_test_command', 'test_utils', 'example_subdag_operator', 'example_subdag_operator.section-1', 'example_subdag_operator.section-2', 'example_http_operator', 'tutorial', 'example_branch_dop_operator_v3', 'latest_only', 'example_trigger_controller_dag', 'latest_only_with_trigger', 'example_bash_operator']) retrieved from /home/db1/Documents/TwitterAnalytics/dashboard_website/myapp/airflow/dags/my_dag.py
/home/db1/anaconda3/lib/python3.6/site-packages/sqlalchemy/sql/default_comparator.py:161: SAWarning: The IN-predicate on "dag_stats.dag_id" was invoked with an empty sequence. This results in a contradiction, which nonetheless can be expensive to evaluate.  Consider alternative strategies for improved performance.
  'strategies for improved performance.' % expr)
/home/db1/anaconda3/lib/python3.6/site-packages/sqlalchemy/sql/default_comparator.py:161: SAWarning: The IN-predicate on "dag_run.dag_id" was invoked with an empty sequence. This results in a contradiction, which nonetheless can be expensive to evaluate.  Consider alternative strategies for improved performance.
  'strategies for improved performance.' % expr)
[2018-06-01 00:55:31,852] {models.py:322} DagFileProcessor28 INFO - Finding 'running' jobs without a recent heartbeat
[2018-06-01 00:55:31,853] {models.py:328} DagFileProcessor28 INFO - Failing jobs without heartbeat after 2018-06-01 00:50:31.853058
[2018-06-01 00:55:31,865] {jobs.py:351} DagFileProcessor28 INFO - Processing /home/db1/Documents/TwitterAnalytics/dashboard_website/myapp/airflow/dags/my_dag.py took 2.472 seconds
[2018-06-01 00:55:43,804] {jobs.py:343} DagFileProcessor32 INFO - Started process (PID=16383) to work on /home/db1/Documents/TwitterAnalytics/dashboard_website/myapp/airflow/dags/my_dag.py
[2018-06-01 00:55:43,806] {jobs.py:534} DagFileProcessor32 ERROR - Cannot use more than 1 thread when using sqlite. Setting max_threads to 1
[2018-06-01 00:55:43,808] {jobs.py:1521} DagFileProcessor32 INFO - Processing file /home/db1/Documents/TwitterAnalytics/dashboard_website/myapp/airflow/dags/my_dag.py for tasks to queue
[2018-06-01 00:55:43,808] {models.py:167} DagFileProcessor32 INFO - Filling up the DagBag from /home/db1/Documents/TwitterAnalytics/dashboard_website/myapp/airflow/dags/my_dag.py
/home/db1/anaconda3/lib/python3.6/site-packages/airflow/utils/helpers.py:406: DeprecationWarning: Importing PythonOperator directly from <module 'airflow.operators' from '/home/db1/anaconda3/lib/python3.6/site-packages/airflow/operators/__init__.py'> has been deprecated. Please import from '<module 'airflow.operators' from '/home/db1/anaconda3/lib/python3.6/site-packages/airflow/operators/__init__.py'>.[operator_module]' instead. Support for direct imports will be dropped entirely in Airflow 2.0.
  DeprecationWarning)
[2018-06-01 00:55:44,076] {models.py:266} DagFileProcessor32 ERROR - Failed to import: /home/db1/Documents/TwitterAnalytics/dashboard_website/myapp/airflow/dags/my_dag.py
Traceback (most recent call last):
  File "/home/db1/anaconda3/lib/python3.6/site-packages/airflow/models.py", line 263, in process_file
    m = imp.load_source(mod_name, filepath)
  File "/home/db1/anaconda3/lib/python3.6/imp.py", line 172, in load_source
    module = _load(spec)
  File "<frozen importlib._bootstrap>", line 675, in _load
  File "<frozen importlib._bootstrap>", line 655, in _load_unlocked
  File "<frozen importlib._bootstrap_external>", line 678, in exec_module
  File "<frozen importlib._bootstrap>", line 205, in _call_with_frames_removed
  File "/home/db1/Documents/TwitterAnalytics/dashboard_website/myapp/airflow/dags/my_dag.py", line 12, in <module>
    from ingest_raw import MongoQuery
ModuleNotFoundError: No module named 'ingest_raw'
[2018-06-01 00:55:44,076] {jobs.py:1535} DagFileProcessor32 INFO - DAG(s) dict_keys(['example_skip_dag', 'example_trigger_target_dag', 'example_branch_operator', 'example_python_operator', 'example_short_circuit_operator', 'example_xcom', 'example_passing_params_via_test_command', 'test_utils', 'example_subdag_operator', 'example_subdag_operator.section-1', 'example_subdag_operator.section-2', 'example_http_operator', 'tutorial', 'example_branch_dop_operator_v3', 'latest_only', 'example_trigger_controller_dag', 'latest_only_with_trigger', 'example_bash_operator']) retrieved from /home/db1/Documents/TwitterAnalytics/dashboard_website/myapp/airflow/dags/my_dag.py
/home/db1/anaconda3/lib/python3.6/site-packages/sqlalchemy/sql/default_comparator.py:161: SAWarning: The IN-predicate on "dag_stats.dag_id" was invoked with an empty sequence. This results in a contradiction, which nonetheless can be expensive to evaluate.  Consider alternative strategies for improved performance.
  'strategies for improved performance.' % expr)
/home/db1/anaconda3/lib/python3.6/site-packages/sqlalchemy/sql/default_comparator.py:161: SAWarning: The IN-predicate on "dag_run.dag_id" was invoked with an empty sequence. This results in a contradiction, which nonetheless can be expensive to evaluate.  Consider alternative strategies for improved performance.
  'strategies for improved performance.' % expr)
[2018-06-01 00:55:46,167] {models.py:322} DagFileProcessor32 INFO - Finding 'running' jobs without a recent heartbeat
[2018-06-01 00:55:46,168] {models.py:328} DagFileProcessor32 INFO - Failing jobs without heartbeat after 2018-06-01 00:50:46.168482
[2018-06-01 00:55:46,180] {jobs.py:351} DagFileProcessor32 INFO - Processing /home/db1/Documents/TwitterAnalytics/dashboard_website/myapp/airflow/dags/my_dag.py took 2.376 seconds
[2018-06-01 00:55:58,180] {jobs.py:343} DagFileProcessor36 INFO - Started process (PID=16426) to work on /home/db1/Documents/TwitterAnalytics/dashboard_website/myapp/airflow/dags/my_dag.py
[2018-06-01 00:55:58,181] {jobs.py:534} DagFileProcessor36 ERROR - Cannot use more than 1 thread when using sqlite. Setting max_threads to 1
[2018-06-01 00:55:58,181] {jobs.py:1521} DagFileProcessor36 INFO - Processing file /home/db1/Documents/TwitterAnalytics/dashboard_website/myapp/airflow/dags/my_dag.py for tasks to queue
[2018-06-01 00:55:58,181] {models.py:167} DagFileProcessor36 INFO - Filling up the DagBag from /home/db1/Documents/TwitterAnalytics/dashboard_website/myapp/airflow/dags/my_dag.py
/home/db1/anaconda3/lib/python3.6/site-packages/airflow/utils/helpers.py:406: DeprecationWarning: Importing PythonOperator directly from <module 'airflow.operators' from '/home/db1/anaconda3/lib/python3.6/site-packages/airflow/operators/__init__.py'> has been deprecated. Please import from '<module 'airflow.operators' from '/home/db1/anaconda3/lib/python3.6/site-packages/airflow/operators/__init__.py'>.[operator_module]' instead. Support for direct imports will be dropped entirely in Airflow 2.0.
  DeprecationWarning)
[2018-06-01 00:55:58,420] {models.py:266} DagFileProcessor36 ERROR - Failed to import: /home/db1/Documents/TwitterAnalytics/dashboard_website/myapp/airflow/dags/my_dag.py
Traceback (most recent call last):
  File "/home/db1/anaconda3/lib/python3.6/site-packages/airflow/models.py", line 263, in process_file
    m = imp.load_source(mod_name, filepath)
  File "/home/db1/anaconda3/lib/python3.6/imp.py", line 172, in load_source
    module = _load(spec)
  File "<frozen importlib._bootstrap>", line 675, in _load
  File "<frozen importlib._bootstrap>", line 655, in _load_unlocked
  File "<frozen importlib._bootstrap_external>", line 678, in exec_module
  File "<frozen importlib._bootstrap>", line 205, in _call_with_frames_removed
  File "/home/db1/Documents/TwitterAnalytics/dashboard_website/myapp/airflow/dags/my_dag.py", line 12, in <module>
    from ingest_raw import MongoQuery
ModuleNotFoundError: No module named 'ingest_raw'
[2018-06-01 00:55:58,420] {jobs.py:1535} DagFileProcessor36 INFO - DAG(s) dict_keys(['example_skip_dag', 'example_trigger_target_dag', 'example_branch_operator', 'example_python_operator', 'example_short_circuit_operator', 'example_xcom', 'example_passing_params_via_test_command', 'test_utils', 'example_subdag_operator', 'example_subdag_operator.section-1', 'example_subdag_operator.section-2', 'example_http_operator', 'tutorial', 'example_branch_dop_operator_v3', 'latest_only', 'example_trigger_controller_dag', 'latest_only_with_trigger', 'example_bash_operator']) retrieved from /home/db1/Documents/TwitterAnalytics/dashboard_website/myapp/airflow/dags/my_dag.py
/home/db1/anaconda3/lib/python3.6/site-packages/sqlalchemy/sql/default_comparator.py:161: SAWarning: The IN-predicate on "dag_stats.dag_id" was invoked with an empty sequence. This results in a contradiction, which nonetheless can be expensive to evaluate.  Consider alternative strategies for improved performance.
  'strategies for improved performance.' % expr)
/home/db1/anaconda3/lib/python3.6/site-packages/sqlalchemy/sql/default_comparator.py:161: SAWarning: The IN-predicate on "dag_run.dag_id" was invoked with an empty sequence. This results in a contradiction, which nonetheless can be expensive to evaluate.  Consider alternative strategies for improved performance.
  'strategies for improved performance.' % expr)
[2018-06-01 00:56:00,483] {models.py:322} DagFileProcessor36 INFO - Finding 'running' jobs without a recent heartbeat
[2018-06-01 00:56:00,483] {models.py:328} DagFileProcessor36 INFO - Failing jobs without heartbeat after 2018-06-01 00:51:00.483335
[2018-06-01 00:56:00,491] {jobs.py:351} DagFileProcessor36 INFO - Processing /home/db1/Documents/TwitterAnalytics/dashboard_website/myapp/airflow/dags/my_dag.py took 2.311 seconds
[2018-06-01 00:56:13,179] {jobs.py:343} DagFileProcessor40 INFO - Started process (PID=16459) to work on /home/db1/Documents/TwitterAnalytics/dashboard_website/myapp/airflow/dags/my_dag.py
[2018-06-01 00:56:13,179] {jobs.py:534} DagFileProcessor40 ERROR - Cannot use more than 1 thread when using sqlite. Setting max_threads to 1
[2018-06-01 00:56:13,180] {jobs.py:1521} DagFileProcessor40 INFO - Processing file /home/db1/Documents/TwitterAnalytics/dashboard_website/myapp/airflow/dags/my_dag.py for tasks to queue
[2018-06-01 00:56:13,180] {models.py:167} DagFileProcessor40 INFO - Filling up the DagBag from /home/db1/Documents/TwitterAnalytics/dashboard_website/myapp/airflow/dags/my_dag.py
/home/db1/anaconda3/lib/python3.6/site-packages/airflow/utils/helpers.py:406: DeprecationWarning: Importing PythonOperator directly from <module 'airflow.operators' from '/home/db1/anaconda3/lib/python3.6/site-packages/airflow/operators/__init__.py'> has been deprecated. Please import from '<module 'airflow.operators' from '/home/db1/anaconda3/lib/python3.6/site-packages/airflow/operators/__init__.py'>.[operator_module]' instead. Support for direct imports will be dropped entirely in Airflow 2.0.
  DeprecationWarning)
[2018-06-01 00:56:13,414] {models.py:266} DagFileProcessor40 ERROR - Failed to import: /home/db1/Documents/TwitterAnalytics/dashboard_website/myapp/airflow/dags/my_dag.py
Traceback (most recent call last):
  File "/home/db1/anaconda3/lib/python3.6/site-packages/airflow/models.py", line 263, in process_file
    m = imp.load_source(mod_name, filepath)
  File "/home/db1/anaconda3/lib/python3.6/imp.py", line 172, in load_source
    module = _load(spec)
  File "<frozen importlib._bootstrap>", line 675, in _load
  File "<frozen importlib._bootstrap>", line 655, in _load_unlocked
  File "<frozen importlib._bootstrap_external>", line 678, in exec_module
  File "<frozen importlib._bootstrap>", line 205, in _call_with_frames_removed
  File "/home/db1/Documents/TwitterAnalytics/dashboard_website/myapp/airflow/dags/my_dag.py", line 12, in <module>
    from ingest_raw import MongoQuery
ModuleNotFoundError: No module named 'ingest_raw'
[2018-06-01 00:56:13,415] {jobs.py:1535} DagFileProcessor40 INFO - DAG(s) dict_keys(['example_skip_dag', 'example_trigger_target_dag', 'example_branch_operator', 'example_python_operator', 'example_short_circuit_operator', 'example_xcom', 'example_passing_params_via_test_command', 'test_utils', 'example_subdag_operator', 'example_subdag_operator.section-1', 'example_subdag_operator.section-2', 'example_http_operator', 'tutorial', 'example_branch_dop_operator_v3', 'latest_only', 'example_trigger_controller_dag', 'latest_only_with_trigger', 'example_bash_operator']) retrieved from /home/db1/Documents/TwitterAnalytics/dashboard_website/myapp/airflow/dags/my_dag.py
/home/db1/anaconda3/lib/python3.6/site-packages/sqlalchemy/sql/default_comparator.py:161: SAWarning: The IN-predicate on "dag_stats.dag_id" was invoked with an empty sequence. This results in a contradiction, which nonetheless can be expensive to evaluate.  Consider alternative strategies for improved performance.
  'strategies for improved performance.' % expr)
/home/db1/anaconda3/lib/python3.6/site-packages/sqlalchemy/sql/default_comparator.py:161: SAWarning: The IN-predicate on "dag_run.dag_id" was invoked with an empty sequence. This results in a contradiction, which nonetheless can be expensive to evaluate.  Consider alternative strategies for improved performance.
  'strategies for improved performance.' % expr)
[2018-06-01 00:56:15,882] {models.py:322} DagFileProcessor40 INFO - Finding 'running' jobs without a recent heartbeat
[2018-06-01 00:56:15,882] {models.py:328} DagFileProcessor40 INFO - Failing jobs without heartbeat after 2018-06-01 00:51:15.882648
[2018-06-01 00:56:15,894] {jobs.py:351} DagFileProcessor40 INFO - Processing /home/db1/Documents/TwitterAnalytics/dashboard_website/myapp/airflow/dags/my_dag.py took 2.716 seconds
[2018-06-01 00:56:29,039] {jobs.py:343} DagFileProcessor44 INFO - Started process (PID=16491) to work on /home/db1/Documents/TwitterAnalytics/dashboard_website/myapp/airflow/dags/my_dag.py
[2018-06-01 00:56:29,042] {jobs.py:534} DagFileProcessor44 ERROR - Cannot use more than 1 thread when using sqlite. Setting max_threads to 1
[2018-06-01 00:56:29,044] {jobs.py:1521} DagFileProcessor44 INFO - Processing file /home/db1/Documents/TwitterAnalytics/dashboard_website/myapp/airflow/dags/my_dag.py for tasks to queue
[2018-06-01 00:56:29,044] {models.py:167} DagFileProcessor44 INFO - Filling up the DagBag from /home/db1/Documents/TwitterAnalytics/dashboard_website/myapp/airflow/dags/my_dag.py
/home/db1/anaconda3/lib/python3.6/site-packages/airflow/utils/helpers.py:406: DeprecationWarning: Importing PythonOperator directly from <module 'airflow.operators' from '/home/db1/anaconda3/lib/python3.6/site-packages/airflow/operators/__init__.py'> has been deprecated. Please import from '<module 'airflow.operators' from '/home/db1/anaconda3/lib/python3.6/site-packages/airflow/operators/__init__.py'>.[operator_module]' instead. Support for direct imports will be dropped entirely in Airflow 2.0.
  DeprecationWarning)
[2018-06-01 00:56:29,300] {models.py:266} DagFileProcessor44 ERROR - Failed to import: /home/db1/Documents/TwitterAnalytics/dashboard_website/myapp/airflow/dags/my_dag.py
Traceback (most recent call last):
  File "/home/db1/anaconda3/lib/python3.6/site-packages/airflow/models.py", line 263, in process_file
    m = imp.load_source(mod_name, filepath)
  File "/home/db1/anaconda3/lib/python3.6/imp.py", line 172, in load_source
    module = _load(spec)
  File "<frozen importlib._bootstrap>", line 675, in _load
  File "<frozen importlib._bootstrap>", line 655, in _load_unlocked
  File "<frozen importlib._bootstrap_external>", line 678, in exec_module
  File "<frozen importlib._bootstrap>", line 205, in _call_with_frames_removed
  File "/home/db1/Documents/TwitterAnalytics/dashboard_website/myapp/airflow/dags/my_dag.py", line 12, in <module>
    from ingest_raw import MongoQuery
ModuleNotFoundError: No module named 'ingest_raw'
[2018-06-01 00:56:29,300] {jobs.py:1535} DagFileProcessor44 INFO - DAG(s) dict_keys(['example_skip_dag', 'example_trigger_target_dag', 'example_branch_operator', 'example_python_operator', 'example_short_circuit_operator', 'example_xcom', 'example_passing_params_via_test_command', 'test_utils', 'example_subdag_operator', 'example_subdag_operator.section-1', 'example_subdag_operator.section-2', 'example_http_operator', 'tutorial', 'example_branch_dop_operator_v3', 'latest_only', 'example_trigger_controller_dag', 'latest_only_with_trigger', 'example_bash_operator']) retrieved from /home/db1/Documents/TwitterAnalytics/dashboard_website/myapp/airflow/dags/my_dag.py
/home/db1/anaconda3/lib/python3.6/site-packages/sqlalchemy/sql/default_comparator.py:161: SAWarning: The IN-predicate on "dag_stats.dag_id" was invoked with an empty sequence. This results in a contradiction, which nonetheless can be expensive to evaluate.  Consider alternative strategies for improved performance.
  'strategies for improved performance.' % expr)
/home/db1/anaconda3/lib/python3.6/site-packages/sqlalchemy/sql/default_comparator.py:161: SAWarning: The IN-predicate on "dag_run.dag_id" was invoked with an empty sequence. This results in a contradiction, which nonetheless can be expensive to evaluate.  Consider alternative strategies for improved performance.
  'strategies for improved performance.' % expr)
[2018-06-01 00:56:32,405] {models.py:322} DagFileProcessor44 INFO - Finding 'running' jobs without a recent heartbeat
[2018-06-01 00:56:32,406] {models.py:328} DagFileProcessor44 INFO - Failing jobs without heartbeat after 2018-06-01 00:51:32.406337
[2018-06-01 00:56:32,418] {jobs.py:351} DagFileProcessor44 INFO - Processing /home/db1/Documents/TwitterAnalytics/dashboard_website/myapp/airflow/dags/my_dag.py took 3.378 seconds
[2018-06-01 00:56:46,500] {jobs.py:343} DagFileProcessor48 INFO - Started process (PID=16531) to work on /home/db1/Documents/TwitterAnalytics/dashboard_website/myapp/airflow/dags/my_dag.py
[2018-06-01 00:56:46,501] {jobs.py:534} DagFileProcessor48 ERROR - Cannot use more than 1 thread when using sqlite. Setting max_threads to 1
[2018-06-01 00:56:46,501] {jobs.py:1521} DagFileProcessor48 INFO - Processing file /home/db1/Documents/TwitterAnalytics/dashboard_website/myapp/airflow/dags/my_dag.py for tasks to queue
[2018-06-01 00:56:46,501] {models.py:167} DagFileProcessor48 INFO - Filling up the DagBag from /home/db1/Documents/TwitterAnalytics/dashboard_website/myapp/airflow/dags/my_dag.py
[2018-06-01 00:56:46,779] {jobs.py:1535} DagFileProcessor48 INFO - DAG(s) dict_keys(['example_skip_dag', 'example_trigger_target_dag', 'example_branch_operator', 'example_python_operator', 'example_short_circuit_operator', 'example_xcom', 'example_passing_params_via_test_command', 'test_utils', 'example_subdag_operator', 'example_subdag_operator.section-1', 'example_subdag_operator.section-2', 'example_http_operator', 'tutorial', 'example_branch_dop_operator_v3', 'latest_only', 'example_trigger_controller_dag', 'latest_only_with_trigger', 'example_bash_operator']) retrieved from /home/db1/Documents/TwitterAnalytics/dashboard_website/myapp/airflow/dags/my_dag.py
/home/db1/anaconda3/lib/python3.6/site-packages/sqlalchemy/sql/default_comparator.py:161: SAWarning: The IN-predicate on "dag_stats.dag_id" was invoked with an empty sequence. This results in a contradiction, which nonetheless can be expensive to evaluate.  Consider alternative strategies for improved performance.
  'strategies for improved performance.' % expr)
/home/db1/anaconda3/lib/python3.6/site-packages/sqlalchemy/sql/default_comparator.py:161: SAWarning: The IN-predicate on "dag_run.dag_id" was invoked with an empty sequence. This results in a contradiction, which nonetheless can be expensive to evaluate.  Consider alternative strategies for improved performance.
  'strategies for improved performance.' % expr)
[2018-06-01 00:56:49,206] {models.py:322} DagFileProcessor48 INFO - Finding 'running' jobs without a recent heartbeat
[2018-06-01 00:56:49,206] {models.py:328} DagFileProcessor48 INFO - Failing jobs without heartbeat after 2018-06-01 00:51:49.206440
[2018-06-01 00:56:49,209] {jobs.py:351} DagFileProcessor48 INFO - Processing /home/db1/Documents/TwitterAnalytics/dashboard_website/myapp/airflow/dags/my_dag.py took 2.709 seconds
[2018-06-01 00:57:01,276] {jobs.py:343} DagFileProcessor52 INFO - Started process (PID=16564) to work on /home/db1/Documents/TwitterAnalytics/dashboard_website/myapp/airflow/dags/my_dag.py
[2018-06-01 00:57:01,277] {jobs.py:534} DagFileProcessor52 ERROR - Cannot use more than 1 thread when using sqlite. Setting max_threads to 1
[2018-06-01 00:57:01,278] {jobs.py:1521} DagFileProcessor52 INFO - Processing file /home/db1/Documents/TwitterAnalytics/dashboard_website/myapp/airflow/dags/my_dag.py for tasks to queue
[2018-06-01 00:57:01,278] {models.py:167} DagFileProcessor52 INFO - Filling up the DagBag from /home/db1/Documents/TwitterAnalytics/dashboard_website/myapp/airflow/dags/my_dag.py
[2018-06-01 00:57:01,494] {jobs.py:1535} DagFileProcessor52 INFO - DAG(s) dict_keys(['example_skip_dag', 'example_trigger_target_dag', 'example_branch_operator', 'example_python_operator', 'example_short_circuit_operator', 'example_xcom', 'example_passing_params_via_test_command', 'test_utils', 'example_subdag_operator', 'example_subdag_operator.section-1', 'example_subdag_operator.section-2', 'example_http_operator', 'tutorial', 'example_branch_dop_operator_v3', 'latest_only', 'example_trigger_controller_dag', 'latest_only_with_trigger', 'example_bash_operator']) retrieved from /home/db1/Documents/TwitterAnalytics/dashboard_website/myapp/airflow/dags/my_dag.py
/home/db1/anaconda3/lib/python3.6/site-packages/sqlalchemy/sql/default_comparator.py:161: SAWarning: The IN-predicate on "dag_stats.dag_id" was invoked with an empty sequence. This results in a contradiction, which nonetheless can be expensive to evaluate.  Consider alternative strategies for improved performance.
  'strategies for improved performance.' % expr)
/home/db1/anaconda3/lib/python3.6/site-packages/sqlalchemy/sql/default_comparator.py:161: SAWarning: The IN-predicate on "dag_run.dag_id" was invoked with an empty sequence. This results in a contradiction, which nonetheless can be expensive to evaluate.  Consider alternative strategies for improved performance.
  'strategies for improved performance.' % expr)
[2018-06-01 00:57:03,995] {models.py:322} DagFileProcessor52 INFO - Finding 'running' jobs without a recent heartbeat
[2018-06-01 00:57:03,995] {models.py:328} DagFileProcessor52 INFO - Failing jobs without heartbeat after 2018-06-01 00:52:03.995491
[2018-06-01 00:57:03,998] {jobs.py:351} DagFileProcessor52 INFO - Processing /home/db1/Documents/TwitterAnalytics/dashboard_website/myapp/airflow/dags/my_dag.py took 2.721 seconds
[2018-06-01 00:57:15,798] {jobs.py:343} DagFileProcessor56 INFO - Started process (PID=16629) to work on /home/db1/Documents/TwitterAnalytics/dashboard_website/myapp/airflow/dags/my_dag.py
[2018-06-01 00:57:15,801] {jobs.py:534} DagFileProcessor56 ERROR - Cannot use more than 1 thread when using sqlite. Setting max_threads to 1
[2018-06-01 00:57:15,803] {jobs.py:1521} DagFileProcessor56 INFO - Processing file /home/db1/Documents/TwitterAnalytics/dashboard_website/myapp/airflow/dags/my_dag.py for tasks to queue
[2018-06-01 00:57:15,803] {models.py:167} DagFileProcessor56 INFO - Filling up the DagBag from /home/db1/Documents/TwitterAnalytics/dashboard_website/myapp/airflow/dags/my_dag.py
[2018-06-01 00:57:16,029] {jobs.py:1535} DagFileProcessor56 INFO - DAG(s) dict_keys(['example_skip_dag', 'example_trigger_target_dag', 'example_branch_operator', 'example_python_operator', 'example_short_circuit_operator', 'example_xcom', 'example_passing_params_via_test_command', 'test_utils', 'example_subdag_operator', 'example_subdag_operator.section-1', 'example_subdag_operator.section-2', 'example_http_operator', 'tutorial', 'example_branch_dop_operator_v3', 'latest_only', 'example_trigger_controller_dag', 'latest_only_with_trigger', 'example_bash_operator']) retrieved from /home/db1/Documents/TwitterAnalytics/dashboard_website/myapp/airflow/dags/my_dag.py
/home/db1/anaconda3/lib/python3.6/site-packages/sqlalchemy/sql/default_comparator.py:161: SAWarning: The IN-predicate on "dag_stats.dag_id" was invoked with an empty sequence. This results in a contradiction, which nonetheless can be expensive to evaluate.  Consider alternative strategies for improved performance.
  'strategies for improved performance.' % expr)
/home/db1/anaconda3/lib/python3.6/site-packages/sqlalchemy/sql/default_comparator.py:161: SAWarning: The IN-predicate on "dag_run.dag_id" was invoked with an empty sequence. This results in a contradiction, which nonetheless can be expensive to evaluate.  Consider alternative strategies for improved performance.
  'strategies for improved performance.' % expr)
[2018-06-01 00:57:18,305] {models.py:322} DagFileProcessor56 INFO - Finding 'running' jobs without a recent heartbeat
[2018-06-01 00:57:18,306] {models.py:328} DagFileProcessor56 INFO - Failing jobs without heartbeat after 2018-06-01 00:52:18.306058
[2018-06-01 00:57:18,308] {jobs.py:351} DagFileProcessor56 INFO - Processing /home/db1/Documents/TwitterAnalytics/dashboard_website/myapp/airflow/dags/my_dag.py took 2.511 seconds
