[2018-06-01 00:53:56,524] {jobs.py:343} DagFileProcessor3 INFO - Started process (PID=16122) to work on /home/db1/Documents/TwitterAnalytics/dashboard_website/myapp/airflow/dags/second.py
[2018-06-01 00:53:56,525] {jobs.py:534} DagFileProcessor3 ERROR - Cannot use more than 1 thread when using sqlite. Setting max_threads to 1
[2018-06-01 00:53:56,525] {jobs.py:1521} DagFileProcessor3 INFO - Processing file /home/db1/Documents/TwitterAnalytics/dashboard_website/myapp/airflow/dags/second.py for tasks to queue
[2018-06-01 00:53:56,526] {models.py:167} DagFileProcessor3 INFO - Filling up the DagBag from /home/db1/Documents/TwitterAnalytics/dashboard_website/myapp/airflow/dags/second.py
/home/db1/anaconda3/lib/python3.6/site-packages/airflow/utils/helpers.py:406: DeprecationWarning: Importing PythonOperator directly from <module 'airflow.operators' from '/home/db1/anaconda3/lib/python3.6/site-packages/airflow/operators/__init__.py'> has been deprecated. Please import from '<module 'airflow.operators' from '/home/db1/anaconda3/lib/python3.6/site-packages/airflow/operators/__init__.py'>.[operator_module]' instead. Support for direct imports will be dropped entirely in Airflow 2.0.
  DeprecationWarning)
[2018-06-01 00:53:56,794] {models.py:266} DagFileProcessor3 ERROR - Failed to import: /home/db1/Documents/TwitterAnalytics/dashboard_website/myapp/airflow/dags/second.py
Traceback (most recent call last):
  File "/home/db1/anaconda3/lib/python3.6/site-packages/airflow/models.py", line 263, in process_file
    m = imp.load_source(mod_name, filepath)
  File "/home/db1/anaconda3/lib/python3.6/imp.py", line 172, in load_source
    module = _load(spec)
  File "<frozen importlib._bootstrap>", line 675, in _load
  File "<frozen importlib._bootstrap>", line 655, in _load_unlocked
  File "<frozen importlib._bootstrap_external>", line 678, in exec_module
  File "<frozen importlib._bootstrap>", line 205, in _call_with_frames_removed
  File "/home/db1/Documents/TwitterAnalytics/dashboard_website/myapp/airflow/dags/second.py", line 11, in <module>
    from ingest_raw import MongoQuery
ModuleNotFoundError: No module named 'ingest_raw'
[2018-06-01 00:53:56,794] {jobs.py:1535} DagFileProcessor3 INFO - DAG(s) dict_keys(['example_skip_dag', 'example_trigger_target_dag', 'example_branch_operator', 'example_python_operator', 'example_short_circuit_operator', 'example_xcom', 'example_passing_params_via_test_command', 'test_utils', 'example_subdag_operator', 'example_subdag_operator.section-1', 'example_subdag_operator.section-2', 'example_http_operator', 'tutorial', 'example_branch_dop_operator_v3', 'latest_only', 'example_trigger_controller_dag', 'latest_only_with_trigger', 'example_bash_operator']) retrieved from /home/db1/Documents/TwitterAnalytics/dashboard_website/myapp/airflow/dags/second.py
/home/db1/anaconda3/lib/python3.6/site-packages/sqlalchemy/sql/default_comparator.py:161: SAWarning: The IN-predicate on "dag_stats.dag_id" was invoked with an empty sequence. This results in a contradiction, which nonetheless can be expensive to evaluate.  Consider alternative strategies for improved performance.
  'strategies for improved performance.' % expr)
/home/db1/anaconda3/lib/python3.6/site-packages/sqlalchemy/sql/default_comparator.py:161: SAWarning: The IN-predicate on "dag_run.dag_id" was invoked with an empty sequence. This results in a contradiction, which nonetheless can be expensive to evaluate.  Consider alternative strategies for improved performance.
  'strategies for improved performance.' % expr)
[2018-06-01 00:53:58,677] {models.py:322} DagFileProcessor3 INFO - Finding 'running' jobs without a recent heartbeat
[2018-06-01 00:53:58,677] {models.py:328} DagFileProcessor3 INFO - Failing jobs without heartbeat after 2018-06-01 00:48:58.677597
[2018-06-01 00:53:58,688] {jobs.py:351} DagFileProcessor3 INFO - Processing /home/db1/Documents/TwitterAnalytics/dashboard_website/myapp/airflow/dags/second.py took 2.165 seconds
[2018-06-01 00:54:10,686] {jobs.py:343} DagFileProcessor7 INFO - Started process (PID=16146) to work on /home/db1/Documents/TwitterAnalytics/dashboard_website/myapp/airflow/dags/second.py
[2018-06-01 00:54:10,686] {jobs.py:534} DagFileProcessor7 ERROR - Cannot use more than 1 thread when using sqlite. Setting max_threads to 1
[2018-06-01 00:54:10,687] {jobs.py:1521} DagFileProcessor7 INFO - Processing file /home/db1/Documents/TwitterAnalytics/dashboard_website/myapp/airflow/dags/second.py for tasks to queue
[2018-06-01 00:54:10,687] {models.py:167} DagFileProcessor7 INFO - Filling up the DagBag from /home/db1/Documents/TwitterAnalytics/dashboard_website/myapp/airflow/dags/second.py
/home/db1/anaconda3/lib/python3.6/site-packages/airflow/utils/helpers.py:406: DeprecationWarning: Importing PythonOperator directly from <module 'airflow.operators' from '/home/db1/anaconda3/lib/python3.6/site-packages/airflow/operators/__init__.py'> has been deprecated. Please import from '<module 'airflow.operators' from '/home/db1/anaconda3/lib/python3.6/site-packages/airflow/operators/__init__.py'>.[operator_module]' instead. Support for direct imports will be dropped entirely in Airflow 2.0.
  DeprecationWarning)
[2018-06-01 00:54:10,929] {models.py:266} DagFileProcessor7 ERROR - Failed to import: /home/db1/Documents/TwitterAnalytics/dashboard_website/myapp/airflow/dags/second.py
Traceback (most recent call last):
  File "/home/db1/anaconda3/lib/python3.6/site-packages/airflow/models.py", line 263, in process_file
    m = imp.load_source(mod_name, filepath)
  File "/home/db1/anaconda3/lib/python3.6/imp.py", line 172, in load_source
    module = _load(spec)
  File "<frozen importlib._bootstrap>", line 675, in _load
  File "<frozen importlib._bootstrap>", line 655, in _load_unlocked
  File "<frozen importlib._bootstrap_external>", line 678, in exec_module
  File "<frozen importlib._bootstrap>", line 205, in _call_with_frames_removed
  File "/home/db1/Documents/TwitterAnalytics/dashboard_website/myapp/airflow/dags/second.py", line 11, in <module>
    from ingest_raw import MongoQuery
ModuleNotFoundError: No module named 'ingest_raw'
[2018-06-01 00:54:10,929] {jobs.py:1535} DagFileProcessor7 INFO - DAG(s) dict_keys(['example_skip_dag', 'example_trigger_target_dag', 'example_branch_operator', 'example_python_operator', 'example_short_circuit_operator', 'example_xcom', 'example_passing_params_via_test_command', 'test_utils', 'example_subdag_operator', 'example_subdag_operator.section-1', 'example_subdag_operator.section-2', 'example_http_operator', 'tutorial', 'example_branch_dop_operator_v3', 'latest_only', 'example_trigger_controller_dag', 'latest_only_with_trigger', 'example_bash_operator']) retrieved from /home/db1/Documents/TwitterAnalytics/dashboard_website/myapp/airflow/dags/second.py
/home/db1/anaconda3/lib/python3.6/site-packages/sqlalchemy/sql/default_comparator.py:161: SAWarning: The IN-predicate on "dag_stats.dag_id" was invoked with an empty sequence. This results in a contradiction, which nonetheless can be expensive to evaluate.  Consider alternative strategies for improved performance.
  'strategies for improved performance.' % expr)
/home/db1/anaconda3/lib/python3.6/site-packages/sqlalchemy/sql/default_comparator.py:161: SAWarning: The IN-predicate on "dag_run.dag_id" was invoked with an empty sequence. This results in a contradiction, which nonetheless can be expensive to evaluate.  Consider alternative strategies for improved performance.
  'strategies for improved performance.' % expr)
[2018-06-01 00:54:14,217] {models.py:322} DagFileProcessor7 INFO - Finding 'running' jobs without a recent heartbeat
[2018-06-01 00:54:14,218] {models.py:328} DagFileProcessor7 INFO - Failing jobs without heartbeat after 2018-06-01 00:49:14.217969
[2018-06-01 00:54:14,229] {jobs.py:351} DagFileProcessor7 INFO - Processing /home/db1/Documents/TwitterAnalytics/dashboard_website/myapp/airflow/dags/second.py took 3.544 seconds
[2018-06-01 00:54:26,855] {jobs.py:343} DagFileProcessor11 INFO - Started process (PID=16218) to work on /home/db1/Documents/TwitterAnalytics/dashboard_website/myapp/airflow/dags/second.py
[2018-06-01 00:54:26,856] {jobs.py:534} DagFileProcessor11 ERROR - Cannot use more than 1 thread when using sqlite. Setting max_threads to 1
[2018-06-01 00:54:26,857] {jobs.py:1521} DagFileProcessor11 INFO - Processing file /home/db1/Documents/TwitterAnalytics/dashboard_website/myapp/airflow/dags/second.py for tasks to queue
[2018-06-01 00:54:26,857] {models.py:167} DagFileProcessor11 INFO - Filling up the DagBag from /home/db1/Documents/TwitterAnalytics/dashboard_website/myapp/airflow/dags/second.py
/home/db1/anaconda3/lib/python3.6/site-packages/airflow/utils/helpers.py:406: DeprecationWarning: Importing PythonOperator directly from <module 'airflow.operators' from '/home/db1/anaconda3/lib/python3.6/site-packages/airflow/operators/__init__.py'> has been deprecated. Please import from '<module 'airflow.operators' from '/home/db1/anaconda3/lib/python3.6/site-packages/airflow/operators/__init__.py'>.[operator_module]' instead. Support for direct imports will be dropped entirely in Airflow 2.0.
  DeprecationWarning)
[2018-06-01 00:54:27,112] {models.py:266} DagFileProcessor11 ERROR - Failed to import: /home/db1/Documents/TwitterAnalytics/dashboard_website/myapp/airflow/dags/second.py
Traceback (most recent call last):
  File "/home/db1/anaconda3/lib/python3.6/site-packages/airflow/models.py", line 263, in process_file
    m = imp.load_source(mod_name, filepath)
  File "/home/db1/anaconda3/lib/python3.6/imp.py", line 172, in load_source
    module = _load(spec)
  File "<frozen importlib._bootstrap>", line 675, in _load
  File "<frozen importlib._bootstrap>", line 655, in _load_unlocked
  File "<frozen importlib._bootstrap_external>", line 678, in exec_module
  File "<frozen importlib._bootstrap>", line 205, in _call_with_frames_removed
  File "/home/db1/Documents/TwitterAnalytics/dashboard_website/myapp/airflow/dags/second.py", line 11, in <module>
    from ingest_raw import MongoQuery
ModuleNotFoundError: No module named 'ingest_raw'
[2018-06-01 00:54:27,112] {jobs.py:1535} DagFileProcessor11 INFO - DAG(s) dict_keys(['example_skip_dag', 'example_trigger_target_dag', 'example_branch_operator', 'example_python_operator', 'example_short_circuit_operator', 'example_xcom', 'example_passing_params_via_test_command', 'test_utils', 'example_subdag_operator', 'example_subdag_operator.section-1', 'example_subdag_operator.section-2', 'example_http_operator', 'tutorial', 'example_branch_dop_operator_v3', 'latest_only', 'example_trigger_controller_dag', 'latest_only_with_trigger', 'example_bash_operator']) retrieved from /home/db1/Documents/TwitterAnalytics/dashboard_website/myapp/airflow/dags/second.py
/home/db1/anaconda3/lib/python3.6/site-packages/sqlalchemy/sql/default_comparator.py:161: SAWarning: The IN-predicate on "dag_stats.dag_id" was invoked with an empty sequence. This results in a contradiction, which nonetheless can be expensive to evaluate.  Consider alternative strategies for improved performance.
  'strategies for improved performance.' % expr)
/home/db1/anaconda3/lib/python3.6/site-packages/sqlalchemy/sql/default_comparator.py:161: SAWarning: The IN-predicate on "dag_run.dag_id" was invoked with an empty sequence. This results in a contradiction, which nonetheless can be expensive to evaluate.  Consider alternative strategies for improved performance.
  'strategies for improved performance.' % expr)
[2018-06-01 00:54:29,082] {models.py:322} DagFileProcessor11 INFO - Finding 'running' jobs without a recent heartbeat
[2018-06-01 00:54:29,083] {models.py:328} DagFileProcessor11 INFO - Failing jobs without heartbeat after 2018-06-01 00:49:29.083212
[2018-06-01 00:54:29,095] {jobs.py:351} DagFileProcessor11 INFO - Processing /home/db1/Documents/TwitterAnalytics/dashboard_website/myapp/airflow/dags/second.py took 2.240 seconds
[2018-06-01 00:54:40,140] {jobs.py:343} DagFileProcessor15 INFO - Started process (PID=16253) to work on /home/db1/Documents/TwitterAnalytics/dashboard_website/myapp/airflow/dags/second.py
[2018-06-01 00:54:40,141] {jobs.py:534} DagFileProcessor15 ERROR - Cannot use more than 1 thread when using sqlite. Setting max_threads to 1
[2018-06-01 00:54:40,141] {jobs.py:1521} DagFileProcessor15 INFO - Processing file /home/db1/Documents/TwitterAnalytics/dashboard_website/myapp/airflow/dags/second.py for tasks to queue
[2018-06-01 00:54:40,142] {models.py:167} DagFileProcessor15 INFO - Filling up the DagBag from /home/db1/Documents/TwitterAnalytics/dashboard_website/myapp/airflow/dags/second.py
/home/db1/anaconda3/lib/python3.6/site-packages/airflow/utils/helpers.py:406: DeprecationWarning: Importing PythonOperator directly from <module 'airflow.operators' from '/home/db1/anaconda3/lib/python3.6/site-packages/airflow/operators/__init__.py'> has been deprecated. Please import from '<module 'airflow.operators' from '/home/db1/anaconda3/lib/python3.6/site-packages/airflow/operators/__init__.py'>.[operator_module]' instead. Support for direct imports will be dropped entirely in Airflow 2.0.
  DeprecationWarning)
[2018-06-01 00:54:40,392] {models.py:266} DagFileProcessor15 ERROR - Failed to import: /home/db1/Documents/TwitterAnalytics/dashboard_website/myapp/airflow/dags/second.py
Traceback (most recent call last):
  File "/home/db1/anaconda3/lib/python3.6/site-packages/airflow/models.py", line 263, in process_file
    m = imp.load_source(mod_name, filepath)
  File "/home/db1/anaconda3/lib/python3.6/imp.py", line 172, in load_source
    module = _load(spec)
  File "<frozen importlib._bootstrap>", line 675, in _load
  File "<frozen importlib._bootstrap>", line 655, in _load_unlocked
  File "<frozen importlib._bootstrap_external>", line 678, in exec_module
  File "<frozen importlib._bootstrap>", line 205, in _call_with_frames_removed
  File "/home/db1/Documents/TwitterAnalytics/dashboard_website/myapp/airflow/dags/second.py", line 11, in <module>
    from ingest_raw import MongoQuery
ModuleNotFoundError: No module named 'ingest_raw'
[2018-06-01 00:54:40,392] {jobs.py:1535} DagFileProcessor15 INFO - DAG(s) dict_keys(['example_skip_dag', 'example_trigger_target_dag', 'example_branch_operator', 'example_python_operator', 'example_short_circuit_operator', 'example_xcom', 'example_passing_params_via_test_command', 'test_utils', 'example_subdag_operator', 'example_subdag_operator.section-1', 'example_subdag_operator.section-2', 'example_http_operator', 'tutorial', 'example_branch_dop_operator_v3', 'latest_only', 'example_trigger_controller_dag', 'latest_only_with_trigger', 'example_bash_operator']) retrieved from /home/db1/Documents/TwitterAnalytics/dashboard_website/myapp/airflow/dags/second.py
/home/db1/anaconda3/lib/python3.6/site-packages/sqlalchemy/sql/default_comparator.py:161: SAWarning: The IN-predicate on "dag_stats.dag_id" was invoked with an empty sequence. This results in a contradiction, which nonetheless can be expensive to evaluate.  Consider alternative strategies for improved performance.
  'strategies for improved performance.' % expr)
/home/db1/anaconda3/lib/python3.6/site-packages/sqlalchemy/sql/default_comparator.py:161: SAWarning: The IN-predicate on "dag_run.dag_id" was invoked with an empty sequence. This results in a contradiction, which nonetheless can be expensive to evaluate.  Consider alternative strategies for improved performance.
  'strategies for improved performance.' % expr)
[2018-06-01 00:54:42,256] {models.py:322} DagFileProcessor15 INFO - Finding 'running' jobs without a recent heartbeat
[2018-06-01 00:54:42,257] {models.py:328} DagFileProcessor15 INFO - Failing jobs without heartbeat after 2018-06-01 00:49:42.257237
[2018-06-01 00:54:42,263] {jobs.py:351} DagFileProcessor15 INFO - Processing /home/db1/Documents/TwitterAnalytics/dashboard_website/myapp/airflow/dags/second.py took 2.123 seconds
[2018-06-01 00:54:53,697] {jobs.py:343} DagFileProcessor19 INFO - Started process (PID=16278) to work on /home/db1/Documents/TwitterAnalytics/dashboard_website/myapp/airflow/dags/second.py
[2018-06-01 00:54:53,698] {jobs.py:534} DagFileProcessor19 ERROR - Cannot use more than 1 thread when using sqlite. Setting max_threads to 1
[2018-06-01 00:54:53,698] {jobs.py:1521} DagFileProcessor19 INFO - Processing file /home/db1/Documents/TwitterAnalytics/dashboard_website/myapp/airflow/dags/second.py for tasks to queue
[2018-06-01 00:54:53,698] {models.py:167} DagFileProcessor19 INFO - Filling up the DagBag from /home/db1/Documents/TwitterAnalytics/dashboard_website/myapp/airflow/dags/second.py
/home/db1/anaconda3/lib/python3.6/site-packages/airflow/utils/helpers.py:406: DeprecationWarning: Importing PythonOperator directly from <module 'airflow.operators' from '/home/db1/anaconda3/lib/python3.6/site-packages/airflow/operators/__init__.py'> has been deprecated. Please import from '<module 'airflow.operators' from '/home/db1/anaconda3/lib/python3.6/site-packages/airflow/operators/__init__.py'>.[operator_module]' instead. Support for direct imports will be dropped entirely in Airflow 2.0.
  DeprecationWarning)
[2018-06-01 00:54:53,949] {models.py:266} DagFileProcessor19 ERROR - Failed to import: /home/db1/Documents/TwitterAnalytics/dashboard_website/myapp/airflow/dags/second.py
Traceback (most recent call last):
  File "/home/db1/anaconda3/lib/python3.6/site-packages/airflow/models.py", line 263, in process_file
    m = imp.load_source(mod_name, filepath)
  File "/home/db1/anaconda3/lib/python3.6/imp.py", line 172, in load_source
    module = _load(spec)
  File "<frozen importlib._bootstrap>", line 675, in _load
  File "<frozen importlib._bootstrap>", line 655, in _load_unlocked
  File "<frozen importlib._bootstrap_external>", line 678, in exec_module
  File "<frozen importlib._bootstrap>", line 205, in _call_with_frames_removed
  File "/home/db1/Documents/TwitterAnalytics/dashboard_website/myapp/airflow/dags/second.py", line 11, in <module>
    from ingest_raw import MongoQuery
ModuleNotFoundError: No module named 'ingest_raw'
[2018-06-01 00:54:53,950] {jobs.py:1535} DagFileProcessor19 INFO - DAG(s) dict_keys(['example_skip_dag', 'example_trigger_target_dag', 'example_branch_operator', 'example_python_operator', 'example_short_circuit_operator', 'example_xcom', 'example_passing_params_via_test_command', 'test_utils', 'example_subdag_operator', 'example_subdag_operator.section-1', 'example_subdag_operator.section-2', 'example_http_operator', 'tutorial', 'example_branch_dop_operator_v3', 'latest_only', 'example_trigger_controller_dag', 'latest_only_with_trigger', 'example_bash_operator']) retrieved from /home/db1/Documents/TwitterAnalytics/dashboard_website/myapp/airflow/dags/second.py
/home/db1/anaconda3/lib/python3.6/site-packages/sqlalchemy/sql/default_comparator.py:161: SAWarning: The IN-predicate on "dag_stats.dag_id" was invoked with an empty sequence. This results in a contradiction, which nonetheless can be expensive to evaluate.  Consider alternative strategies for improved performance.
  'strategies for improved performance.' % expr)
/home/db1/anaconda3/lib/python3.6/site-packages/sqlalchemy/sql/default_comparator.py:161: SAWarning: The IN-predicate on "dag_run.dag_id" was invoked with an empty sequence. This results in a contradiction, which nonetheless can be expensive to evaluate.  Consider alternative strategies for improved performance.
  'strategies for improved performance.' % expr)
[2018-06-01 00:54:55,946] {models.py:322} DagFileProcessor19 INFO - Finding 'running' jobs without a recent heartbeat
[2018-06-01 00:54:55,946] {models.py:328} DagFileProcessor19 INFO - Failing jobs without heartbeat after 2018-06-01 00:49:55.946875
[2018-06-01 00:54:55,952] {jobs.py:351} DagFileProcessor19 INFO - Processing /home/db1/Documents/TwitterAnalytics/dashboard_website/myapp/airflow/dags/second.py took 2.255 seconds
[2018-06-01 00:55:08,828] {jobs.py:343} DagFileProcessor23 INFO - Started process (PID=16326) to work on /home/db1/Documents/TwitterAnalytics/dashboard_website/myapp/airflow/dags/second.py
[2018-06-01 00:55:08,830] {jobs.py:534} DagFileProcessor23 ERROR - Cannot use more than 1 thread when using sqlite. Setting max_threads to 1
[2018-06-01 00:55:08,831] {jobs.py:1521} DagFileProcessor23 INFO - Processing file /home/db1/Documents/TwitterAnalytics/dashboard_website/myapp/airflow/dags/second.py for tasks to queue
[2018-06-01 00:55:08,832] {models.py:167} DagFileProcessor23 INFO - Filling up the DagBag from /home/db1/Documents/TwitterAnalytics/dashboard_website/myapp/airflow/dags/second.py
/home/db1/anaconda3/lib/python3.6/site-packages/airflow/utils/helpers.py:406: DeprecationWarning: Importing PythonOperator directly from <module 'airflow.operators' from '/home/db1/anaconda3/lib/python3.6/site-packages/airflow/operators/__init__.py'> has been deprecated. Please import from '<module 'airflow.operators' from '/home/db1/anaconda3/lib/python3.6/site-packages/airflow/operators/__init__.py'>.[operator_module]' instead. Support for direct imports will be dropped entirely in Airflow 2.0.
  DeprecationWarning)
[2018-06-01 00:55:09,113] {models.py:266} DagFileProcessor23 ERROR - Failed to import: /home/db1/Documents/TwitterAnalytics/dashboard_website/myapp/airflow/dags/second.py
Traceback (most recent call last):
  File "/home/db1/anaconda3/lib/python3.6/site-packages/airflow/models.py", line 263, in process_file
    m = imp.load_source(mod_name, filepath)
  File "/home/db1/anaconda3/lib/python3.6/imp.py", line 172, in load_source
    module = _load(spec)
  File "<frozen importlib._bootstrap>", line 675, in _load
  File "<frozen importlib._bootstrap>", line 655, in _load_unlocked
  File "<frozen importlib._bootstrap_external>", line 678, in exec_module
  File "<frozen importlib._bootstrap>", line 205, in _call_with_frames_removed
  File "/home/db1/Documents/TwitterAnalytics/dashboard_website/myapp/airflow/dags/second.py", line 11, in <module>
    from ingest_raw import MongoQuery
ModuleNotFoundError: No module named 'ingest_raw'
[2018-06-01 00:55:09,113] {jobs.py:1535} DagFileProcessor23 INFO - DAG(s) dict_keys(['example_skip_dag', 'example_trigger_target_dag', 'example_branch_operator', 'example_python_operator', 'example_short_circuit_operator', 'example_xcom', 'example_passing_params_via_test_command', 'test_utils', 'example_subdag_operator', 'example_subdag_operator.section-1', 'example_subdag_operator.section-2', 'example_http_operator', 'tutorial', 'example_branch_dop_operator_v3', 'latest_only', 'example_trigger_controller_dag', 'latest_only_with_trigger', 'example_bash_operator']) retrieved from /home/db1/Documents/TwitterAnalytics/dashboard_website/myapp/airflow/dags/second.py
/home/db1/anaconda3/lib/python3.6/site-packages/sqlalchemy/sql/default_comparator.py:161: SAWarning: The IN-predicate on "dag_stats.dag_id" was invoked with an empty sequence. This results in a contradiction, which nonetheless can be expensive to evaluate.  Consider alternative strategies for improved performance.
  'strategies for improved performance.' % expr)
/home/db1/anaconda3/lib/python3.6/site-packages/sqlalchemy/sql/default_comparator.py:161: SAWarning: The IN-predicate on "dag_run.dag_id" was invoked with an empty sequence. This results in a contradiction, which nonetheless can be expensive to evaluate.  Consider alternative strategies for improved performance.
  'strategies for improved performance.' % expr)
[2018-06-01 00:55:13,645] {models.py:322} DagFileProcessor23 INFO - Finding 'running' jobs without a recent heartbeat
[2018-06-01 00:55:13,645] {models.py:328} DagFileProcessor23 INFO - Failing jobs without heartbeat after 2018-06-01 00:50:13.645645
[2018-06-01 00:55:13,651] {jobs.py:351} DagFileProcessor23 INFO - Processing /home/db1/Documents/TwitterAnalytics/dashboard_website/myapp/airflow/dags/second.py took 4.823 seconds
[2018-06-01 00:55:25,840] {jobs.py:343} DagFileProcessor27 INFO - Started process (PID=16353) to work on /home/db1/Documents/TwitterAnalytics/dashboard_website/myapp/airflow/dags/second.py
[2018-06-01 00:55:25,841] {jobs.py:534} DagFileProcessor27 ERROR - Cannot use more than 1 thread when using sqlite. Setting max_threads to 1
[2018-06-01 00:55:25,841] {jobs.py:1521} DagFileProcessor27 INFO - Processing file /home/db1/Documents/TwitterAnalytics/dashboard_website/myapp/airflow/dags/second.py for tasks to queue
[2018-06-01 00:55:25,842] {models.py:167} DagFileProcessor27 INFO - Filling up the DagBag from /home/db1/Documents/TwitterAnalytics/dashboard_website/myapp/airflow/dags/second.py
/home/db1/anaconda3/lib/python3.6/site-packages/airflow/utils/helpers.py:406: DeprecationWarning: Importing PythonOperator directly from <module 'airflow.operators' from '/home/db1/anaconda3/lib/python3.6/site-packages/airflow/operators/__init__.py'> has been deprecated. Please import from '<module 'airflow.operators' from '/home/db1/anaconda3/lib/python3.6/site-packages/airflow/operators/__init__.py'>.[operator_module]' instead. Support for direct imports will be dropped entirely in Airflow 2.0.
  DeprecationWarning)
[2018-06-01 00:55:26,083] {models.py:266} DagFileProcessor27 ERROR - Failed to import: /home/db1/Documents/TwitterAnalytics/dashboard_website/myapp/airflow/dags/second.py
Traceback (most recent call last):
  File "/home/db1/anaconda3/lib/python3.6/site-packages/airflow/models.py", line 263, in process_file
    m = imp.load_source(mod_name, filepath)
  File "/home/db1/anaconda3/lib/python3.6/imp.py", line 172, in load_source
    module = _load(spec)
  File "<frozen importlib._bootstrap>", line 675, in _load
  File "<frozen importlib._bootstrap>", line 655, in _load_unlocked
  File "<frozen importlib._bootstrap_external>", line 678, in exec_module
  File "<frozen importlib._bootstrap>", line 205, in _call_with_frames_removed
  File "/home/db1/Documents/TwitterAnalytics/dashboard_website/myapp/airflow/dags/second.py", line 11, in <module>
    from ingest_raw import MongoQuery
ModuleNotFoundError: No module named 'ingest_raw'
[2018-06-01 00:55:26,083] {jobs.py:1535} DagFileProcessor27 INFO - DAG(s) dict_keys(['example_skip_dag', 'example_trigger_target_dag', 'example_branch_operator', 'example_python_operator', 'example_short_circuit_operator', 'example_xcom', 'example_passing_params_via_test_command', 'test_utils', 'example_subdag_operator', 'example_subdag_operator.section-1', 'example_subdag_operator.section-2', 'example_http_operator', 'tutorial', 'example_branch_dop_operator_v3', 'latest_only', 'example_trigger_controller_dag', 'latest_only_with_trigger', 'example_bash_operator']) retrieved from /home/db1/Documents/TwitterAnalytics/dashboard_website/myapp/airflow/dags/second.py
/home/db1/anaconda3/lib/python3.6/site-packages/sqlalchemy/sql/default_comparator.py:161: SAWarning: The IN-predicate on "dag_stats.dag_id" was invoked with an empty sequence. This results in a contradiction, which nonetheless can be expensive to evaluate.  Consider alternative strategies for improved performance.
  'strategies for improved performance.' % expr)
/home/db1/anaconda3/lib/python3.6/site-packages/sqlalchemy/sql/default_comparator.py:161: SAWarning: The IN-predicate on "dag_run.dag_id" was invoked with an empty sequence. This results in a contradiction, which nonetheless can be expensive to evaluate.  Consider alternative strategies for improved performance.
  'strategies for improved performance.' % expr)
[2018-06-01 00:55:28,136] {models.py:322} DagFileProcessor27 INFO - Finding 'running' jobs without a recent heartbeat
[2018-06-01 00:55:28,136] {models.py:328} DagFileProcessor27 INFO - Failing jobs without heartbeat after 2018-06-01 00:50:28.136697
[2018-06-01 00:55:28,148] {jobs.py:351} DagFileProcessor27 INFO - Processing /home/db1/Documents/TwitterAnalytics/dashboard_website/myapp/airflow/dags/second.py took 2.308 seconds
[2018-06-01 00:55:39,928] {jobs.py:343} DagFileProcessor31 INFO - Started process (PID=16375) to work on /home/db1/Documents/TwitterAnalytics/dashboard_website/myapp/airflow/dags/second.py
[2018-06-01 00:55:39,929] {jobs.py:534} DagFileProcessor31 ERROR - Cannot use more than 1 thread when using sqlite. Setting max_threads to 1
[2018-06-01 00:55:39,930] {jobs.py:1521} DagFileProcessor31 INFO - Processing file /home/db1/Documents/TwitterAnalytics/dashboard_website/myapp/airflow/dags/second.py for tasks to queue
[2018-06-01 00:55:39,930] {models.py:167} DagFileProcessor31 INFO - Filling up the DagBag from /home/db1/Documents/TwitterAnalytics/dashboard_website/myapp/airflow/dags/second.py
/home/db1/anaconda3/lib/python3.6/site-packages/airflow/utils/helpers.py:406: DeprecationWarning: Importing PythonOperator directly from <module 'airflow.operators' from '/home/db1/anaconda3/lib/python3.6/site-packages/airflow/operators/__init__.py'> has been deprecated. Please import from '<module 'airflow.operators' from '/home/db1/anaconda3/lib/python3.6/site-packages/airflow/operators/__init__.py'>.[operator_module]' instead. Support for direct imports will be dropped entirely in Airflow 2.0.
  DeprecationWarning)
[2018-06-01 00:55:40,185] {models.py:266} DagFileProcessor31 ERROR - Failed to import: /home/db1/Documents/TwitterAnalytics/dashboard_website/myapp/airflow/dags/second.py
Traceback (most recent call last):
  File "/home/db1/anaconda3/lib/python3.6/site-packages/airflow/models.py", line 263, in process_file
    m = imp.load_source(mod_name, filepath)
  File "/home/db1/anaconda3/lib/python3.6/imp.py", line 172, in load_source
    module = _load(spec)
  File "<frozen importlib._bootstrap>", line 675, in _load
  File "<frozen importlib._bootstrap>", line 655, in _load_unlocked
  File "<frozen importlib._bootstrap_external>", line 678, in exec_module
  File "<frozen importlib._bootstrap>", line 205, in _call_with_frames_removed
  File "/home/db1/Documents/TwitterAnalytics/dashboard_website/myapp/airflow/dags/second.py", line 11, in <module>
    from ingest_raw import MongoQuery
ModuleNotFoundError: No module named 'ingest_raw'
[2018-06-01 00:55:40,185] {jobs.py:1535} DagFileProcessor31 INFO - DAG(s) dict_keys(['example_skip_dag', 'example_trigger_target_dag', 'example_branch_operator', 'example_python_operator', 'example_short_circuit_operator', 'example_xcom', 'example_passing_params_via_test_command', 'test_utils', 'example_subdag_operator', 'example_subdag_operator.section-1', 'example_subdag_operator.section-2', 'example_http_operator', 'tutorial', 'example_branch_dop_operator_v3', 'latest_only', 'example_trigger_controller_dag', 'latest_only_with_trigger', 'example_bash_operator']) retrieved from /home/db1/Documents/TwitterAnalytics/dashboard_website/myapp/airflow/dags/second.py
/home/db1/anaconda3/lib/python3.6/site-packages/sqlalchemy/sql/default_comparator.py:161: SAWarning: The IN-predicate on "dag_stats.dag_id" was invoked with an empty sequence. This results in a contradiction, which nonetheless can be expensive to evaluate.  Consider alternative strategies for improved performance.
  'strategies for improved performance.' % expr)
/home/db1/anaconda3/lib/python3.6/site-packages/sqlalchemy/sql/default_comparator.py:161: SAWarning: The IN-predicate on "dag_run.dag_id" was invoked with an empty sequence. This results in a contradiction, which nonetheless can be expensive to evaluate.  Consider alternative strategies for improved performance.
  'strategies for improved performance.' % expr)
[2018-06-01 00:55:42,526] {models.py:322} DagFileProcessor31 INFO - Finding 'running' jobs without a recent heartbeat
[2018-06-01 00:55:42,527] {models.py:328} DagFileProcessor31 INFO - Failing jobs without heartbeat after 2018-06-01 00:50:42.527008
[2018-06-01 00:55:42,538] {jobs.py:351} DagFileProcessor31 INFO - Processing /home/db1/Documents/TwitterAnalytics/dashboard_website/myapp/airflow/dags/second.py took 2.610 seconds
[2018-06-01 00:55:54,389] {jobs.py:343} DagFileProcessor35 INFO - Started process (PID=16415) to work on /home/db1/Documents/TwitterAnalytics/dashboard_website/myapp/airflow/dags/second.py
[2018-06-01 00:55:54,389] {jobs.py:534} DagFileProcessor35 ERROR - Cannot use more than 1 thread when using sqlite. Setting max_threads to 1
[2018-06-01 00:55:54,390] {jobs.py:1521} DagFileProcessor35 INFO - Processing file /home/db1/Documents/TwitterAnalytics/dashboard_website/myapp/airflow/dags/second.py for tasks to queue
[2018-06-01 00:55:54,390] {models.py:167} DagFileProcessor35 INFO - Filling up the DagBag from /home/db1/Documents/TwitterAnalytics/dashboard_website/myapp/airflow/dags/second.py
/home/db1/anaconda3/lib/python3.6/site-packages/airflow/utils/helpers.py:406: DeprecationWarning: Importing PythonOperator directly from <module 'airflow.operators' from '/home/db1/anaconda3/lib/python3.6/site-packages/airflow/operators/__init__.py'> has been deprecated. Please import from '<module 'airflow.operators' from '/home/db1/anaconda3/lib/python3.6/site-packages/airflow/operators/__init__.py'>.[operator_module]' instead. Support for direct imports will be dropped entirely in Airflow 2.0.
  DeprecationWarning)
[2018-06-01 00:55:54,746] {models.py:266} DagFileProcessor35 ERROR - Failed to import: /home/db1/Documents/TwitterAnalytics/dashboard_website/myapp/airflow/dags/second.py
Traceback (most recent call last):
  File "/home/db1/anaconda3/lib/python3.6/site-packages/airflow/models.py", line 263, in process_file
    m = imp.load_source(mod_name, filepath)
  File "/home/db1/anaconda3/lib/python3.6/imp.py", line 172, in load_source
    module = _load(spec)
  File "<frozen importlib._bootstrap>", line 675, in _load
  File "<frozen importlib._bootstrap>", line 655, in _load_unlocked
  File "<frozen importlib._bootstrap_external>", line 678, in exec_module
  File "<frozen importlib._bootstrap>", line 205, in _call_with_frames_removed
  File "/home/db1/Documents/TwitterAnalytics/dashboard_website/myapp/airflow/dags/second.py", line 11, in <module>
    from ingest_raw import MongoQuery
ModuleNotFoundError: No module named 'ingest_raw'
[2018-06-01 00:55:54,746] {jobs.py:1535} DagFileProcessor35 INFO - DAG(s) dict_keys(['example_skip_dag', 'example_trigger_target_dag', 'example_branch_operator', 'example_python_operator', 'example_short_circuit_operator', 'example_xcom', 'example_passing_params_via_test_command', 'test_utils', 'example_subdag_operator', 'example_subdag_operator.section-1', 'example_subdag_operator.section-2', 'example_http_operator', 'tutorial', 'example_branch_dop_operator_v3', 'latest_only', 'example_trigger_controller_dag', 'latest_only_with_trigger', 'example_bash_operator']) retrieved from /home/db1/Documents/TwitterAnalytics/dashboard_website/myapp/airflow/dags/second.py
/home/db1/anaconda3/lib/python3.6/site-packages/sqlalchemy/sql/default_comparator.py:161: SAWarning: The IN-predicate on "dag_stats.dag_id" was invoked with an empty sequence. This results in a contradiction, which nonetheless can be expensive to evaluate.  Consider alternative strategies for improved performance.
  'strategies for improved performance.' % expr)
/home/db1/anaconda3/lib/python3.6/site-packages/sqlalchemy/sql/default_comparator.py:161: SAWarning: The IN-predicate on "dag_run.dag_id" was invoked with an empty sequence. This results in a contradiction, which nonetheless can be expensive to evaluate.  Consider alternative strategies for improved performance.
  'strategies for improved performance.' % expr)
[2018-06-01 00:55:56,958] {models.py:322} DagFileProcessor35 INFO - Finding 'running' jobs without a recent heartbeat
[2018-06-01 00:55:56,958] {models.py:328} DagFileProcessor35 INFO - Failing jobs without heartbeat after 2018-06-01 00:50:56.958488
[2018-06-01 00:55:56,965] {jobs.py:351} DagFileProcessor35 INFO - Processing /home/db1/Documents/TwitterAnalytics/dashboard_website/myapp/airflow/dags/second.py took 2.576 seconds
[2018-06-01 00:56:09,497] {jobs.py:343} DagFileProcessor39 INFO - Started process (PID=16453) to work on /home/db1/Documents/TwitterAnalytics/dashboard_website/myapp/airflow/dags/second.py
[2018-06-01 00:56:09,498] {jobs.py:534} DagFileProcessor39 ERROR - Cannot use more than 1 thread when using sqlite. Setting max_threads to 1
[2018-06-01 00:56:09,499] {jobs.py:1521} DagFileProcessor39 INFO - Processing file /home/db1/Documents/TwitterAnalytics/dashboard_website/myapp/airflow/dags/second.py for tasks to queue
[2018-06-01 00:56:09,499] {models.py:167} DagFileProcessor39 INFO - Filling up the DagBag from /home/db1/Documents/TwitterAnalytics/dashboard_website/myapp/airflow/dags/second.py
/home/db1/anaconda3/lib/python3.6/site-packages/airflow/utils/helpers.py:406: DeprecationWarning: Importing PythonOperator directly from <module 'airflow.operators' from '/home/db1/anaconda3/lib/python3.6/site-packages/airflow/operators/__init__.py'> has been deprecated. Please import from '<module 'airflow.operators' from '/home/db1/anaconda3/lib/python3.6/site-packages/airflow/operators/__init__.py'>.[operator_module]' instead. Support for direct imports will be dropped entirely in Airflow 2.0.
  DeprecationWarning)
[2018-06-01 00:56:09,786] {models.py:266} DagFileProcessor39 ERROR - Failed to import: /home/db1/Documents/TwitterAnalytics/dashboard_website/myapp/airflow/dags/second.py
Traceback (most recent call last):
  File "/home/db1/anaconda3/lib/python3.6/site-packages/airflow/models.py", line 263, in process_file
    m = imp.load_source(mod_name, filepath)
  File "/home/db1/anaconda3/lib/python3.6/imp.py", line 172, in load_source
    module = _load(spec)
  File "<frozen importlib._bootstrap>", line 675, in _load
  File "<frozen importlib._bootstrap>", line 655, in _load_unlocked
  File "<frozen importlib._bootstrap_external>", line 678, in exec_module
  File "<frozen importlib._bootstrap>", line 205, in _call_with_frames_removed
  File "/home/db1/Documents/TwitterAnalytics/dashboard_website/myapp/airflow/dags/second.py", line 11, in <module>
    from ingest_raw import MongoQuery
ModuleNotFoundError: No module named 'ingest_raw'
[2018-06-01 00:56:09,786] {jobs.py:1535} DagFileProcessor39 INFO - DAG(s) dict_keys(['example_skip_dag', 'example_trigger_target_dag', 'example_branch_operator', 'example_python_operator', 'example_short_circuit_operator', 'example_xcom', 'example_passing_params_via_test_command', 'test_utils', 'example_subdag_operator', 'example_subdag_operator.section-1', 'example_subdag_operator.section-2', 'example_http_operator', 'tutorial', 'example_branch_dop_operator_v3', 'latest_only', 'example_trigger_controller_dag', 'latest_only_with_trigger', 'example_bash_operator']) retrieved from /home/db1/Documents/TwitterAnalytics/dashboard_website/myapp/airflow/dags/second.py
/home/db1/anaconda3/lib/python3.6/site-packages/sqlalchemy/sql/default_comparator.py:161: SAWarning: The IN-predicate on "dag_stats.dag_id" was invoked with an empty sequence. This results in a contradiction, which nonetheless can be expensive to evaluate.  Consider alternative strategies for improved performance.
  'strategies for improved performance.' % expr)
/home/db1/anaconda3/lib/python3.6/site-packages/sqlalchemy/sql/default_comparator.py:161: SAWarning: The IN-predicate on "dag_run.dag_id" was invoked with an empty sequence. This results in a contradiction, which nonetheless can be expensive to evaluate.  Consider alternative strategies for improved performance.
  'strategies for improved performance.' % expr)
[2018-06-01 00:56:11,982] {models.py:322} DagFileProcessor39 INFO - Finding 'running' jobs without a recent heartbeat
[2018-06-01 00:56:11,983] {models.py:328} DagFileProcessor39 INFO - Failing jobs without heartbeat after 2018-06-01 00:51:11.983000
[2018-06-01 00:56:11,995] {jobs.py:351} DagFileProcessor39 INFO - Processing /home/db1/Documents/TwitterAnalytics/dashboard_website/myapp/airflow/dags/second.py took 2.498 seconds
[2018-06-01 00:56:25,241] {jobs.py:343} DagFileProcessor43 INFO - Started process (PID=16485) to work on /home/db1/Documents/TwitterAnalytics/dashboard_website/myapp/airflow/dags/second.py
[2018-06-01 00:56:25,242] {jobs.py:534} DagFileProcessor43 ERROR - Cannot use more than 1 thread when using sqlite. Setting max_threads to 1
[2018-06-01 00:56:25,243] {jobs.py:1521} DagFileProcessor43 INFO - Processing file /home/db1/Documents/TwitterAnalytics/dashboard_website/myapp/airflow/dags/second.py for tasks to queue
[2018-06-01 00:56:25,243] {models.py:167} DagFileProcessor43 INFO - Filling up the DagBag from /home/db1/Documents/TwitterAnalytics/dashboard_website/myapp/airflow/dags/second.py
/home/db1/anaconda3/lib/python3.6/site-packages/airflow/utils/helpers.py:406: DeprecationWarning: Importing PythonOperator directly from <module 'airflow.operators' from '/home/db1/anaconda3/lib/python3.6/site-packages/airflow/operators/__init__.py'> has been deprecated. Please import from '<module 'airflow.operators' from '/home/db1/anaconda3/lib/python3.6/site-packages/airflow/operators/__init__.py'>.[operator_module]' instead. Support for direct imports will be dropped entirely in Airflow 2.0.
  DeprecationWarning)
[2018-06-01 00:56:25,484] {models.py:266} DagFileProcessor43 ERROR - Failed to import: /home/db1/Documents/TwitterAnalytics/dashboard_website/myapp/airflow/dags/second.py
Traceback (most recent call last):
  File "/home/db1/anaconda3/lib/python3.6/site-packages/airflow/models.py", line 263, in process_file
    m = imp.load_source(mod_name, filepath)
  File "/home/db1/anaconda3/lib/python3.6/imp.py", line 172, in load_source
    module = _load(spec)
  File "<frozen importlib._bootstrap>", line 675, in _load
  File "<frozen importlib._bootstrap>", line 655, in _load_unlocked
  File "<frozen importlib._bootstrap_external>", line 678, in exec_module
  File "<frozen importlib._bootstrap>", line 205, in _call_with_frames_removed
  File "/home/db1/Documents/TwitterAnalytics/dashboard_website/myapp/airflow/dags/second.py", line 11, in <module>
    from ingest_raw import MongoQuery
ModuleNotFoundError: No module named 'ingest_raw'
[2018-06-01 00:56:25,484] {jobs.py:1535} DagFileProcessor43 INFO - DAG(s) dict_keys(['example_skip_dag', 'example_trigger_target_dag', 'example_branch_operator', 'example_python_operator', 'example_short_circuit_operator', 'example_xcom', 'example_passing_params_via_test_command', 'test_utils', 'example_subdag_operator', 'example_subdag_operator.section-1', 'example_subdag_operator.section-2', 'example_http_operator', 'tutorial', 'example_branch_dop_operator_v3', 'latest_only', 'example_trigger_controller_dag', 'latest_only_with_trigger', 'example_bash_operator']) retrieved from /home/db1/Documents/TwitterAnalytics/dashboard_website/myapp/airflow/dags/second.py
/home/db1/anaconda3/lib/python3.6/site-packages/sqlalchemy/sql/default_comparator.py:161: SAWarning: The IN-predicate on "dag_stats.dag_id" was invoked with an empty sequence. This results in a contradiction, which nonetheless can be expensive to evaluate.  Consider alternative strategies for improved performance.
  'strategies for improved performance.' % expr)
/home/db1/anaconda3/lib/python3.6/site-packages/sqlalchemy/sql/default_comparator.py:161: SAWarning: The IN-predicate on "dag_run.dag_id" was invoked with an empty sequence. This results in a contradiction, which nonetheless can be expensive to evaluate.  Consider alternative strategies for improved performance.
  'strategies for improved performance.' % expr)
[2018-06-01 00:56:27,764] {models.py:322} DagFileProcessor43 INFO - Finding 'running' jobs without a recent heartbeat
[2018-06-01 00:56:27,765] {models.py:328} DagFileProcessor43 INFO - Failing jobs without heartbeat after 2018-06-01 00:51:27.765020
[2018-06-01 00:56:27,776] {jobs.py:351} DagFileProcessor43 INFO - Processing /home/db1/Documents/TwitterAnalytics/dashboard_website/myapp/airflow/dags/second.py took 2.535 seconds
[2018-06-01 00:56:42,644] {jobs.py:343} DagFileProcessor47 INFO - Started process (PID=16525) to work on /home/db1/Documents/TwitterAnalytics/dashboard_website/myapp/airflow/dags/second.py
[2018-06-01 00:56:42,645] {jobs.py:534} DagFileProcessor47 ERROR - Cannot use more than 1 thread when using sqlite. Setting max_threads to 1
[2018-06-01 00:56:42,646] {jobs.py:1521} DagFileProcessor47 INFO - Processing file /home/db1/Documents/TwitterAnalytics/dashboard_website/myapp/airflow/dags/second.py for tasks to queue
[2018-06-01 00:56:42,646] {models.py:167} DagFileProcessor47 INFO - Filling up the DagBag from /home/db1/Documents/TwitterAnalytics/dashboard_website/myapp/airflow/dags/second.py
[2018-06-01 00:56:42,878] {jobs.py:1535} DagFileProcessor47 INFO - DAG(s) dict_keys(['example_skip_dag', 'example_trigger_target_dag', 'example_branch_operator', 'example_python_operator', 'example_short_circuit_operator', 'example_xcom', 'example_passing_params_via_test_command', 'test_utils', 'example_subdag_operator', 'example_subdag_operator.section-1', 'example_subdag_operator.section-2', 'example_http_operator', 'tutorial', 'example_branch_dop_operator_v3', 'latest_only', 'example_trigger_controller_dag', 'latest_only_with_trigger', 'example_bash_operator']) retrieved from /home/db1/Documents/TwitterAnalytics/dashboard_website/myapp/airflow/dags/second.py
/home/db1/anaconda3/lib/python3.6/site-packages/sqlalchemy/sql/default_comparator.py:161: SAWarning: The IN-predicate on "dag_stats.dag_id" was invoked with an empty sequence. This results in a contradiction, which nonetheless can be expensive to evaluate.  Consider alternative strategies for improved performance.
  'strategies for improved performance.' % expr)
/home/db1/anaconda3/lib/python3.6/site-packages/sqlalchemy/sql/default_comparator.py:161: SAWarning: The IN-predicate on "dag_run.dag_id" was invoked with an empty sequence. This results in a contradiction, which nonetheless can be expensive to evaluate.  Consider alternative strategies for improved performance.
  'strategies for improved performance.' % expr)
[2018-06-01 00:56:45,191] {models.py:322} DagFileProcessor47 INFO - Finding 'running' jobs without a recent heartbeat
[2018-06-01 00:56:45,191] {models.py:328} DagFileProcessor47 INFO - Failing jobs without heartbeat after 2018-06-01 00:51:45.191331
[2018-06-01 00:56:45,194] {jobs.py:351} DagFileProcessor47 INFO - Processing /home/db1/Documents/TwitterAnalytics/dashboard_website/myapp/airflow/dags/second.py took 2.550 seconds
[2018-06-01 00:56:57,602] {jobs.py:343} DagFileProcessor51 INFO - Started process (PID=16557) to work on /home/db1/Documents/TwitterAnalytics/dashboard_website/myapp/airflow/dags/second.py
[2018-06-01 00:56:57,603] {jobs.py:534} DagFileProcessor51 ERROR - Cannot use more than 1 thread when using sqlite. Setting max_threads to 1
[2018-06-01 00:56:57,604] {jobs.py:1521} DagFileProcessor51 INFO - Processing file /home/db1/Documents/TwitterAnalytics/dashboard_website/myapp/airflow/dags/second.py for tasks to queue
[2018-06-01 00:56:57,604] {models.py:167} DagFileProcessor51 INFO - Filling up the DagBag from /home/db1/Documents/TwitterAnalytics/dashboard_website/myapp/airflow/dags/second.py
[2018-06-01 00:56:57,820] {jobs.py:1535} DagFileProcessor51 INFO - DAG(s) dict_keys(['example_skip_dag', 'example_trigger_target_dag', 'example_branch_operator', 'example_python_operator', 'example_short_circuit_operator', 'example_xcom', 'example_passing_params_via_test_command', 'test_utils', 'example_subdag_operator', 'example_subdag_operator.section-1', 'example_subdag_operator.section-2', 'example_http_operator', 'tutorial', 'example_branch_dop_operator_v3', 'latest_only', 'example_trigger_controller_dag', 'latest_only_with_trigger', 'example_bash_operator']) retrieved from /home/db1/Documents/TwitterAnalytics/dashboard_website/myapp/airflow/dags/second.py
/home/db1/anaconda3/lib/python3.6/site-packages/sqlalchemy/sql/default_comparator.py:161: SAWarning: The IN-predicate on "dag_stats.dag_id" was invoked with an empty sequence. This results in a contradiction, which nonetheless can be expensive to evaluate.  Consider alternative strategies for improved performance.
  'strategies for improved performance.' % expr)
/home/db1/anaconda3/lib/python3.6/site-packages/sqlalchemy/sql/default_comparator.py:161: SAWarning: The IN-predicate on "dag_run.dag_id" was invoked with an empty sequence. This results in a contradiction, which nonetheless can be expensive to evaluate.  Consider alternative strategies for improved performance.
  'strategies for improved performance.' % expr)
[2018-06-01 00:57:00,023] {models.py:322} DagFileProcessor51 INFO - Finding 'running' jobs without a recent heartbeat
[2018-06-01 00:57:00,023] {models.py:328} DagFileProcessor51 INFO - Failing jobs without heartbeat after 2018-06-01 00:52:00.023806
[2018-06-01 00:57:00,026] {jobs.py:351} DagFileProcessor51 INFO - Processing /home/db1/Documents/TwitterAnalytics/dashboard_website/myapp/airflow/dags/second.py took 2.424 seconds
[2018-06-01 00:57:12,436] {jobs.py:343} DagFileProcessor55 INFO - Started process (PID=16599) to work on /home/db1/Documents/TwitterAnalytics/dashboard_website/myapp/airflow/dags/second.py
[2018-06-01 00:57:12,437] {jobs.py:534} DagFileProcessor55 ERROR - Cannot use more than 1 thread when using sqlite. Setting max_threads to 1
[2018-06-01 00:57:12,438] {jobs.py:1521} DagFileProcessor55 INFO - Processing file /home/db1/Documents/TwitterAnalytics/dashboard_website/myapp/airflow/dags/second.py for tasks to queue
[2018-06-01 00:57:12,438] {models.py:167} DagFileProcessor55 INFO - Filling up the DagBag from /home/db1/Documents/TwitterAnalytics/dashboard_website/myapp/airflow/dags/second.py
[2018-06-01 00:57:12,648] {jobs.py:1535} DagFileProcessor55 INFO - DAG(s) dict_keys(['example_skip_dag', 'example_trigger_target_dag', 'example_branch_operator', 'example_python_operator', 'example_short_circuit_operator', 'example_xcom', 'example_passing_params_via_test_command', 'test_utils', 'example_subdag_operator', 'example_subdag_operator.section-1', 'example_subdag_operator.section-2', 'example_http_operator', 'tutorial', 'example_branch_dop_operator_v3', 'latest_only', 'example_trigger_controller_dag', 'latest_only_with_trigger', 'example_bash_operator']) retrieved from /home/db1/Documents/TwitterAnalytics/dashboard_website/myapp/airflow/dags/second.py
/home/db1/anaconda3/lib/python3.6/site-packages/sqlalchemy/sql/default_comparator.py:161: SAWarning: The IN-predicate on "dag_stats.dag_id" was invoked with an empty sequence. This results in a contradiction, which nonetheless can be expensive to evaluate.  Consider alternative strategies for improved performance.
  'strategies for improved performance.' % expr)
/home/db1/anaconda3/lib/python3.6/site-packages/sqlalchemy/sql/default_comparator.py:161: SAWarning: The IN-predicate on "dag_run.dag_id" was invoked with an empty sequence. This results in a contradiction, which nonetheless can be expensive to evaluate.  Consider alternative strategies for improved performance.
  'strategies for improved performance.' % expr)
[2018-06-01 00:57:14,630] {models.py:322} DagFileProcessor55 INFO - Finding 'running' jobs without a recent heartbeat
[2018-06-01 00:57:14,631] {models.py:328} DagFileProcessor55 INFO - Failing jobs without heartbeat after 2018-06-01 00:52:14.631028
[2018-06-01 00:57:14,633] {jobs.py:351} DagFileProcessor55 INFO - Processing /home/db1/Documents/TwitterAnalytics/dashboard_website/myapp/airflow/dags/second.py took 2.197 seconds
[2018-06-01 00:57:26,682] {jobs.py:343} DagFileProcessor59 INFO - Started process (PID=16661) to work on /home/db1/Documents/TwitterAnalytics/dashboard_website/myapp/airflow/dags/second.py
[2018-06-01 00:57:26,683] {jobs.py:534} DagFileProcessor59 ERROR - Cannot use more than 1 thread when using sqlite. Setting max_threads to 1
[2018-06-01 00:57:26,683] {jobs.py:1521} DagFileProcessor59 INFO - Processing file /home/db1/Documents/TwitterAnalytics/dashboard_website/myapp/airflow/dags/second.py for tasks to queue
[2018-06-01 00:57:26,684] {models.py:167} DagFileProcessor59 INFO - Filling up the DagBag from /home/db1/Documents/TwitterAnalytics/dashboard_website/myapp/airflow/dags/second.py
[2018-06-01 00:57:26,899] {jobs.py:1535} DagFileProcessor59 INFO - DAG(s) dict_keys(['example_skip_dag', 'example_trigger_target_dag', 'example_branch_operator', 'example_python_operator', 'example_short_circuit_operator', 'example_xcom', 'example_passing_params_via_test_command', 'test_utils', 'example_subdag_operator', 'example_subdag_operator.section-1', 'example_subdag_operator.section-2', 'example_http_operator', 'tutorial', 'example_branch_dop_operator_v3', 'latest_only', 'example_trigger_controller_dag', 'latest_only_with_trigger', 'example_bash_operator']) retrieved from /home/db1/Documents/TwitterAnalytics/dashboard_website/myapp/airflow/dags/second.py
[2018-06-01 00:57:27,934] {jobs.py:354} DagFileProcessor59 ERROR - Got an exception! Propagating...
Traceback (most recent call last):
  File "/home/db1/anaconda3/lib/python3.6/site-packages/airflow/jobs.py", line 346, in helper
    pickle_dags)
  File "/home/db1/anaconda3/lib/python3.6/site-packages/airflow/utils/db.py", line 53, in wrapper
    result = func(*args, **kwargs)
  File "/home/db1/anaconda3/lib/python3.6/site-packages/airflow/jobs.py", line 1544, in process_file
    models.DAG.sync_to_db(dag, dag.owner, sync_time)
  File "/home/db1/anaconda3/lib/python3.6/site-packages/airflow/utils/db.py", line 53, in wrapper
    result = func(*args, **kwargs)
  File "/home/db1/anaconda3/lib/python3.6/site-packages/airflow/models.py", line 3424, in sync_to_db
    DAG.sync_to_db(subdag, owner, sync_time, session=session)
  File "/home/db1/anaconda3/lib/python3.6/site-packages/airflow/utils/db.py", line 53, in wrapper
    result = func(*args, **kwargs)
  File "/home/db1/anaconda3/lib/python3.6/site-packages/airflow/models.py", line 3421, in sync_to_db
    session.commit()
  File "/home/db1/anaconda3/lib/python3.6/site-packages/sqlalchemy/orm/session.py", line 906, in commit
    self.transaction.commit()
  File "/home/db1/anaconda3/lib/python3.6/site-packages/sqlalchemy/orm/session.py", line 465, in commit
    t[1].commit()
  File "/home/db1/anaconda3/lib/python3.6/site-packages/sqlalchemy/engine/base.py", line 1632, in commit
    self._do_commit()
  File "/home/db1/anaconda3/lib/python3.6/site-packages/sqlalchemy/engine/base.py", line 1663, in _do_commit
    self.connection._commit_impl()
  File "/home/db1/anaconda3/lib/python3.6/site-packages/sqlalchemy/engine/base.py", line 723, in _commit_impl
    self._handle_dbapi_exception(e, None, None, None, None)
  File "/home/db1/anaconda3/lib/python3.6/site-packages/sqlalchemy/engine/base.py", line 1405, in _handle_dbapi_exception
    util.reraise(*exc_info)
  File "/home/db1/anaconda3/lib/python3.6/site-packages/sqlalchemy/util/compat.py", line 187, in reraise
    raise value
  File "/home/db1/anaconda3/lib/python3.6/site-packages/sqlalchemy/engine/base.py", line 721, in _commit_impl
    self.engine.dialect.do_commit(self.connection)
  File "/home/db1/anaconda3/lib/python3.6/site-packages/sqlalchemy/engine/default.py", line 443, in do_commit
    dbapi_connection.commit()
  File "/home/db1/anaconda3/lib/python3.6/site-packages/airflow/bin/cli.py", line 69, in sigint_handler
    sys.exit(0)
SystemExit: 0
