\BOOKMARK [0][-]{chapter.1}{\376\377\000I\000n\000t\000r\000o\000d\000u\000c\000t\000i\000o\000n\000\040\000t\000o\000\040\000t\000w\000i\000t\000t\000e\000r\000\040\000a\000n\000a\000l\000y\000t\000i\000c\000s\000\040\000s\000y\000s\000t\000e\000m}{}% 1
\BOOKMARK [0][-]{chapter.2}{\376\377\000R\000e\000a\000d\000\040\000d\000a\000t\000a\000\040\000f\000r\000o\000m\000\040\000t\000w\000i\000t\000t\000e\000r\000\040\000s\000t\000r\000e\000a\000m\000i\000n\000g\000\040\000A\000P\000I}{}% 2
\BOOKMARK [0][-]{chapter.3}{\376\377\000I\000n\000g\000e\000s\000t\000i\000n\000g\000\040\000d\000a\000t\000a\000\040\000i\000n\000t\000o\000\040\000N\000e\000o\0004\000j}{}% 3
\BOOKMARK [1][-]{section.3.1}{\376\377\000C\000o\000d\000e\000\040\000D\000o\000c\000u\000m\000e\000n\000t\000a\000t\000i\000o\000n}{chapter.3}% 4
\BOOKMARK [0][-]{chapter.4}{\376\377\000I\000n\000g\000e\000s\000t\000i\000n\000g\000\040\000d\000a\000t\000a\000\040\000i\000n\000t\000o\000\040\000M\000o\000n\000g\000o\000D\000B}{}% 5
\BOOKMARK [1][-]{section.4.1}{\376\377\000W\000h\000y\000\040\000s\000t\000o\000r\000e\000\040\000i\000n\000\040\000M\000o\000n\000g\000o\000D\000B}{chapter.4}% 6
\BOOKMARK [1][-]{section.4.2}{\376\377\000D\000a\000t\000a\000\040\000F\000o\000r\000m\000a\000t\000\040\000i\000n\000\040\000m\000o\000n\000g\000o\000D\000B}{chapter.4}% 7
\BOOKMARK [1][-]{section.4.3}{\376\377\000m\000o\000n\000g\000o\000D\000B\000\040\000v\000/\000s\000\040\000n\000e\000o\0004\000j}{chapter.4}% 8
\BOOKMARK [1][-]{section.4.4}{\376\377\000I\000n\000g\000e\000s\000t\000i\000n\000g\000\040\000t\000h\000e\000\040\000d\000a\000t\000a\000\040\000i\000n\000t\000o\000\040\000d\000a\000t\000a\000b\000a\000s\000e}{chapter.4}% 9
\BOOKMARK [1][-]{section.4.5}{\376\377\000I\000n\000g\000e\000s\000t\000i\000o\000n\000\040\000R\000a\000t\000e\000s}{chapter.4}% 10
\BOOKMARK [1][-]{section.4.6}{\376\377\000C\000o\000d\000e\000\040\000D\000o\000c\000u\000m\000e\000n\000t\000a\000t\000i\000o\000n}{chapter.4}% 11
\BOOKMARK [0][-]{chapter.5}{\376\377\000N\000e\000o\0004\000j\000:\000\040\000A\000P\000I\000\040\000t\000o\000\040\000g\000e\000n\000e\000r\000a\000t\000e\000\040\000c\000y\000p\000h\000e\000r\000\040\000q\000u\000e\000r\000i\000e\000s}{}% 12
\BOOKMARK [1][-]{section.5.1}{\376\377\000T\000e\000m\000p\000l\000a\000t\000e\000\040\000o\000f\000\040\000a\000\040\000g\000e\000n\000e\000r\000a\000l\000\040\000q\000u\000e\000r\000y}{chapter.5}% 13
\BOOKMARK [1][-]{section.5.2}{\376\377\000C\000r\000e\000a\000t\000i\000n\000g\000\040\000a\000\040\000c\000u\000s\000t\000o\000m\000\040\000q\000u\000e\000r\000y\000\040\000t\000h\000r\000o\000u\000g\000h\000\040\000d\000a\000s\000h\000b\000o\000a\000r\000d\000\040\000A\000P\000I\000\040\000:\000\040\000B\000e\000h\000i\000n\000d\000\040\000t\000h\000e\000\040\000s\000c\000e\000n\000e\000s}{chapter.5}% 14
\BOOKMARK [1][-]{section.5.3}{\376\377\000C\000o\000d\000e\000\040\000D\000o\000c\000u\000m\000e\000n\000t\000a\000t\000i\000o\000n}{chapter.5}% 15
\BOOKMARK [0][-]{chapter.6}{\376\377\000G\000e\000n\000e\000r\000a\000t\000i\000n\000g\000\040\000q\000u\000e\000r\000i\000e\000s\000\040\000i\000n\000\040\000m\000o\000n\000g\000o\000D\000B}{}% 16
\BOOKMARK [0][-]{chapter.7}{\376\377\000A\000b\000o\000u\000t\000\040\000p\000o\000s\000t\000p\000r\000o\000c\000e\000s\000s\000i\000n\000g\000\040\000f\000u\000n\000c\000t\000i\000o\000n\000s}{}% 17
\BOOKMARK [0][-]{chapter.8}{\376\377\000C\000o\000m\000p\000o\000s\000i\000n\000g\000\040\000m\000u\000l\000t\000i\000p\000l\000e\000\040\000q\000u\000e\000r\000i\000e\000s\000\040\000:\000\040\000D\000A\000G}{}% 18
\BOOKMARK [1][-]{section.8.1}{\376\377\000B\000a\000s\000i\000c\000\040\000t\000e\000r\000m\000i\000n\000o\000l\000o\000g\000y}{chapter.8}% 19
\BOOKMARK [1][-]{section.8.2}{\376\377\000I\000d\000e\000a\000\040\000b\000e\000h\000i\000n\000d\000\040\000a\000\040\000D\000A\000G}{chapter.8}% 20
\BOOKMARK [1][-]{section.8.3}{\376\377\000B\000u\000i\000l\000d\000i\000n\000g\000\040\000a\000\040\000D\000A\000G\000\040\000f\000r\000o\000m\000\040\000q\000u\000e\000r\000i\000e\000s}{chapter.8}% 21
\BOOKMARK [1][-]{section.8.4}{\376\377\000D\000A\000G\000\040\000i\000n\000\040\000a\000i\000r\000f\000l\000o\000w}{chapter.8}% 22
\BOOKMARK [1][-]{section.8.5}{\376\377\000C\000r\000e\000a\000t\000i\000n\000g\000\040\000c\000u\000s\000t\000o\000m\000\040\000m\000e\000t\000r\000i\000c}{chapter.8}% 23
\BOOKMARK [0][-]{chapter.9}{\376\377\000G\000e\000n\000e\000r\000a\000t\000i\000n\000g\000\040\000a\000l\000e\000r\000t\000s\000\040\000u\000s\000i\000n\000g\000\040\000f\000l\000i\000n\000k\000\040\000a\000n\000d\000\040\000k\000a\000f\000k\000a}{}% 24
\BOOKMARK [0][-]{chapter.10}{\376\377\000B\000e\000n\000c\000h\000m\000a\000r\000k\000i\000n\000g\000\040\000t\000h\000e\000\040\000q\000u\000e\000r\000y\000\040\000a\000n\000s\000w\000e\000r\000i\000n\000g}{}% 25
\BOOKMARK [0][-]{chapter.11}{\376\377\000D\000a\000s\000h\000b\000o\000a\000r\000d\000\040\000W\000e\000b\000s\000i\000t\000e}{}% 26
\BOOKMARK [0][-]{chapter.12}{\376\377\000I\000n\000d\000i\000c\000e\000s\000\040\000a\000n\000d\000\040\000t\000a\000b\000l\000e\000s}{}% 27
\BOOKMARK [0][-]{section*.32}{\376\377\000P\000y\000t\000h\000o\000n\000\040\000M\000o\000d\000u\000l\000e\000\040\000I\000n\000d\000e\000x}{}% 28
\BOOKMARK [0][-]{section*.33}{\376\377\000I\000n\000d\000e\000x}{}% 29
